<?xml version="1.0" encoding="UTF-8"?>
<robot generator="Robot 6.0.2 (Python 3.11.2 on win32)" generated="20230516 20:51:31.180" rpa="false" schemaversion="3">
<suite id="s1" name="Amazon Testes" source="C:\CURSO UDEMY\RobotFramework\WebTesting\amazon_testes.robot">
<test id="s1-t1" name="Caso de teste 01 - Acesso ao menu &quot;Eletrônicos&quot;" line="13">
<kw name="Abrir o navegador" library="amazon_resources" type="SETUP">
<kw name="Open Browser" library="SeleniumLibrary">
<arg>browser=chrome</arg>
<arg>options=add_experimental_option("detach", True)</arg>
<doc>Opens a new browser instance to the optional ``url``.</doc>
<msg timestamp="20230516 20:51:31.466" level="INFO">Opening browser 'chrome' to base url 'None'.</msg>
<status status="PASS" starttime="20230516 20:51:31.465" endtime="20230516 20:51:32.647"/>
</kw>
<kw name="Set Window Size" library="SeleniumLibrary">
<arg>3000</arg>
<arg>1500</arg>
<doc>Sets current windows size to given ``width`` and ``height``.</doc>
<status status="PASS" starttime="20230516 20:51:32.648" endtime="20230516 20:51:32.768"/>
</kw>
<status status="PASS" starttime="20230516 20:51:31.465" endtime="20230516 20:51:32.768"/>
</kw>
<kw name="Acessar a home page do site Amazon.com.br" library="amazon_resources">
<kw name="Go To" library="SeleniumLibrary">
<arg>${URL}</arg>
<doc>Navigates the current browser window to the provided ``url``.</doc>
<msg timestamp="20230516 20:51:32.769" level="INFO">Opening url 'http://www.amazon.com.br/'</msg>
<status status="PASS" starttime="20230516 20:51:32.769" endtime="20230516 20:51:34.749"/>
</kw>
<kw name="Run Keyword And Return Status" library="BuiltIn">
<var>${BARRA_DE_MENUS}</var>
<arg>Element Should Be Visible</arg>
<arg>${BARRA_DE_MENUS}</arg>
<doc>Runs the given keyword with given arguments and returns the status as a Boolean value.</doc>
<kw name="Element Should Be Visible" library="SeleniumLibrary">
<arg>${BARRA_DE_MENUS}</arg>
<doc>Verifies that the element identified by ``locator`` is visible.</doc>
<msg timestamp="20230516 20:51:34.855" level="INFO">Element '//div[@id='nav-xshop']' is displayed.</msg>
<status status="PASS" starttime="20230516 20:51:34.750" endtime="20230516 20:51:34.856"/>
</kw>
<msg timestamp="20230516 20:51:34.856" level="INFO">${BARRA_DE_MENUS} = True</msg>
<status status="PASS" starttime="20230516 20:51:34.749" endtime="20230516 20:51:34.856"/>
</kw>
<kw name="Run Keyword If" library="BuiltIn">
<arg>'${BARRA_DE_MENUS}' == 'False'</arg>
<arg>reload Page</arg>
<doc>Runs the given keyword with the given arguments, if ``condition`` is true.</doc>
<status status="PASS" starttime="20230516 20:51:34.856" endtime="20230516 20:51:34.856"/>
</kw>
<kw name="Capture Page Screenshot" library="SeleniumLibrary">
<doc>Takes a screenshot of the current page and embeds it into a log file.</doc>
<msg timestamp="20230516 20:51:35.186" level="INFO" html="true">&lt;/td&gt;&lt;/tr&gt;&lt;tr&gt;&lt;td colspan="3"&gt;&lt;a href="selenium-screenshot-9.png"&gt;&lt;img src="selenium-screenshot-9.png" width="800px"&gt;&lt;/a&gt;</msg>
<status status="PASS" starttime="20230516 20:51:34.856" endtime="20230516 20:51:35.186"/>
</kw>
<status status="PASS" starttime="20230516 20:51:32.768" endtime="20230516 20:51:35.186"/>
</kw>
<kw name="Verificar se o título da página fica &quot;Amazon.com.br | Tudo pra você, de A a Z.&quot;" library="amazon_resources" sourcename="Verificar se o título da página fica &quot;${TITULO}&quot;">
<kw name="Title Should Be" library="SeleniumLibrary">
<arg>${TITULO}</arg>
<doc>Verifies that the current page title equals ``title``.</doc>
<msg timestamp="20230516 20:51:35.193" level="INFO">Page title is 'Amazon.com.br | Tudo pra você, de A a Z.'.</msg>
<status status="PASS" starttime="20230516 20:51:35.187" endtime="20230516 20:51:35.193"/>
</kw>
<kw name="Capture Page Screenshot" library="SeleniumLibrary">
<doc>Takes a screenshot of the current page and embeds it into a log file.</doc>
<msg timestamp="20230516 20:51:35.498" level="INFO" html="true">&lt;/td&gt;&lt;/tr&gt;&lt;tr&gt;&lt;td colspan="3"&gt;&lt;a href="selenium-screenshot-10.png"&gt;&lt;img src="selenium-screenshot-10.png" width="800px"&gt;&lt;/a&gt;</msg>
<status status="PASS" starttime="20230516 20:51:35.194" endtime="20230516 20:51:35.499"/>
</kw>
<status status="PASS" starttime="20230516 20:51:35.187" endtime="20230516 20:51:35.499"/>
</kw>
<kw name="Entrar no menu &quot;Eletrônicos&quot;" library="amazon_resources">
<kw name="Wait Until Element Is Visible" library="SeleniumLibrary">
<arg>${MENU_ELETRONICOS}</arg>
<doc>Waits until the element ``locator`` is visible.</doc>
<status status="PASS" starttime="20230516 20:51:35.500" endtime="20230516 20:51:35.541"/>
</kw>
<kw name="Click Element" library="SeleniumLibrary">
<arg>${MENU_ELETRONICOS}</arg>
<doc>Click the element identified by ``locator``.</doc>
<msg timestamp="20230516 20:51:35.542" level="INFO">Clicking element '//a[contains(.,'Eletrônicos')]'.</msg>
<status status="PASS" starttime="20230516 20:51:35.541" endtime="20230516 20:51:38.048"/>
</kw>
<kw name="Wait Until Element Is Visible" library="SeleniumLibrary">
<arg>locator=//span[@class='a-size-base a-color-base apb-browse-refinements-indent-1 a-text-bold'][contains(.,'Eletrônicos e Tecnologia')]</arg>
<doc>Waits until the element ``locator`` is visible.</doc>
<status status="PASS" starttime="20230516 20:51:38.048" endtime="20230516 20:51:38.241"/>
</kw>
<kw name="Capture Page Screenshot" library="SeleniumLibrary">
<doc>Takes a screenshot of the current page and embeds it into a log file.</doc>
<msg timestamp="20230516 20:51:38.586" level="INFO" html="true">&lt;/td&gt;&lt;/tr&gt;&lt;tr&gt;&lt;td colspan="3"&gt;&lt;a href="selenium-screenshot-11.png"&gt;&lt;img src="selenium-screenshot-11.png" width="800px"&gt;&lt;/a&gt;</msg>
<status status="PASS" starttime="20230516 20:51:38.241" endtime="20230516 20:51:38.586"/>
</kw>
<status status="PASS" starttime="20230516 20:51:35.499" endtime="20230516 20:51:38.586"/>
</kw>
<kw name="Verificar se aparece a frase &quot;Eletrônicos e Tecnologia&quot;" library="amazon_resources" sourcename="Verificar se aparece a frase &quot;${FRASE}&quot;">
<kw name="Wait Until Page Contains" library="SeleniumLibrary">
<arg>text=${FRASE}</arg>
<doc>Waits until ``text`` appears on the current page.</doc>
<status status="PASS" starttime="20230516 20:51:38.587" endtime="20230516 20:51:38.702"/>
</kw>
<kw name="Wait Until Element Is Visible" library="SeleniumLibrary">
<arg>${HEADER_DEPARTAMENTOS}</arg>
<doc>Waits until the element ``locator`` is visible.</doc>
<status status="PASS" starttime="20230516 20:51:38.702" endtime="20230516 20:51:38.853"/>
</kw>
<kw name="Capture Page Screenshot" library="SeleniumLibrary">
<doc>Takes a screenshot of the current page and embeds it into a log file.</doc>
<msg timestamp="20230516 20:51:39.200" level="INFO" html="true">&lt;/td&gt;&lt;/tr&gt;&lt;tr&gt;&lt;td colspan="3"&gt;&lt;a href="selenium-screenshot-12.png"&gt;&lt;img src="selenium-screenshot-12.png" width="800px"&gt;&lt;/a&gt;</msg>
<status status="PASS" starttime="20230516 20:51:38.853" endtime="20230516 20:51:39.200"/>
</kw>
<status status="PASS" starttime="20230516 20:51:38.587" endtime="20230516 20:51:39.200"/>
</kw>
<kw name="Verificar se o título da página fica &quot;Eletrônicos e Tecnologia | Amazon.com.br&quot;" library="amazon_resources" sourcename="Verificar se o título da página fica &quot;${TITULO}&quot;">
<kw name="Title Should Be" library="SeleniumLibrary">
<arg>${TITULO}</arg>
<doc>Verifies that the current page title equals ``title``.</doc>
<msg timestamp="20230516 20:51:39.229" level="INFO">Page title is 'Eletrônicos e Tecnologia | Amazon.com.br'.</msg>
<status status="PASS" starttime="20230516 20:51:39.202" endtime="20230516 20:51:39.229"/>
</kw>
<kw name="Capture Page Screenshot" library="SeleniumLibrary">
<doc>Takes a screenshot of the current page and embeds it into a log file.</doc>
<msg timestamp="20230516 20:51:39.604" level="INFO" html="true">&lt;/td&gt;&lt;/tr&gt;&lt;tr&gt;&lt;td colspan="3"&gt;&lt;a href="selenium-screenshot-13.png"&gt;&lt;img src="selenium-screenshot-13.png" width="800px"&gt;&lt;/a&gt;</msg>
<status status="PASS" starttime="20230516 20:51:39.230" endtime="20230516 20:51:39.605"/>
</kw>
<status status="PASS" starttime="20230516 20:51:39.201" endtime="20230516 20:51:39.605"/>
</kw>
<kw name="Fechar o navegador" library="amazon_resources" type="TEARDOWN">
<kw name="Capture Page Screenshot" library="SeleniumLibrary">
<doc>Takes a screenshot of the current page and embeds it into a log file.</doc>
<msg timestamp="20230516 20:51:39.977" level="INFO" html="true">&lt;/td&gt;&lt;/tr&gt;&lt;tr&gt;&lt;td colspan="3"&gt;&lt;a href="selenium-screenshot-14.png"&gt;&lt;img src="selenium-screenshot-14.png" width="800px"&gt;&lt;/a&gt;</msg>
<status status="PASS" starttime="20230516 20:51:39.606" endtime="20230516 20:51:39.977"/>
</kw>
<kw name="Close Browser" library="SeleniumLibrary">
<doc>Closes the current browser.</doc>
<status status="PASS" starttime="20230516 20:51:39.977" endtime="20230516 20:51:42.186"/>
</kw>
<status status="PASS" starttime="20230516 20:51:39.606" endtime="20230516 20:51:42.186"/>
</kw>
<doc>esse teste verifica o menu Eletrônicos do site amazon.com.br
e verifica o título da página</doc>
<tag>categorias</tag>
<tag>Menus</tag>
<status status="PASS" starttime="20230516 20:51:31.463" endtime="20230516 20:51:42.187"/>
</test>
<test id="s1-t2" name="Caso de teste 02 - Categoria &quot;Computadores e Informática&quot;" line="23">
<kw name="Abrir o navegador" library="amazon_resources" type="SETUP">
<kw name="Open Browser" library="SeleniumLibrary">
<arg>browser=chrome</arg>
<arg>options=add_experimental_option("detach", True)</arg>
<doc>Opens a new browser instance to the optional ``url``.</doc>
<msg timestamp="20230516 20:51:42.190" level="INFO">Opening browser 'chrome' to base url 'None'.</msg>
<status status="PASS" starttime="20230516 20:51:42.190" endtime="20230516 20:51:43.332"/>
</kw>
<kw name="Set Window Size" library="SeleniumLibrary">
<arg>3000</arg>
<arg>1500</arg>
<doc>Sets current windows size to given ``width`` and ``height``.</doc>
<status status="PASS" starttime="20230516 20:51:43.332" endtime="20230516 20:51:43.457"/>
</kw>
<status status="PASS" starttime="20230516 20:51:42.189" endtime="20230516 20:51:43.457"/>
</kw>
<kw name="Acessar a home page do site Amazon.com.br" library="amazon_resources">
<kw name="Go To" library="SeleniumLibrary">
<arg>${URL}</arg>
<doc>Navigates the current browser window to the provided ``url``.</doc>
<msg timestamp="20230516 20:51:43.460" level="INFO">Opening url 'http://www.amazon.com.br/'</msg>
<status status="PASS" starttime="20230516 20:51:43.459" endtime="20230516 20:51:47.051"/>
</kw>
<kw name="Run Keyword And Return Status" library="BuiltIn">
<var>${BARRA_DE_MENUS}</var>
<arg>Element Should Be Visible</arg>
<arg>${BARRA_DE_MENUS}</arg>
<doc>Runs the given keyword with given arguments and returns the status as a Boolean value.</doc>
<kw name="Element Should Be Visible" library="SeleniumLibrary">
<arg>${BARRA_DE_MENUS}</arg>
<doc>Verifies that the element identified by ``locator`` is visible.</doc>
<msg timestamp="20230516 20:51:47.114" level="INFO">Element '//div[@id='nav-xshop']' is displayed.</msg>
<status status="PASS" starttime="20230516 20:51:47.052" endtime="20230516 20:51:47.114"/>
</kw>
<msg timestamp="20230516 20:51:47.114" level="INFO">${BARRA_DE_MENUS} = True</msg>
<status status="PASS" starttime="20230516 20:51:47.052" endtime="20230516 20:51:47.114"/>
</kw>
<kw name="Run Keyword If" library="BuiltIn">
<arg>'${BARRA_DE_MENUS}' == 'False'</arg>
<arg>reload Page</arg>
<doc>Runs the given keyword with the given arguments, if ``condition`` is true.</doc>
<status status="PASS" starttime="20230516 20:51:47.114" endtime="20230516 20:51:47.114"/>
</kw>
<kw name="Capture Page Screenshot" library="SeleniumLibrary">
<doc>Takes a screenshot of the current page and embeds it into a log file.</doc>
<msg timestamp="20230516 20:51:47.492" level="INFO" html="true">&lt;/td&gt;&lt;/tr&gt;&lt;tr&gt;&lt;td colspan="3"&gt;&lt;a href="selenium-screenshot-15.png"&gt;&lt;img src="selenium-screenshot-15.png" width="800px"&gt;&lt;/a&gt;</msg>
<status status="PASS" starttime="20230516 20:51:47.115" endtime="20230516 20:51:47.493"/>
</kw>
<status status="PASS" starttime="20230516 20:51:43.459" endtime="20230516 20:51:47.493"/>
</kw>
<kw name="Verificar se o título da página fica &quot;Amazon.com.br | Tudo pra você, de A a Z.&quot;" library="amazon_resources" sourcename="Verificar se o título da página fica &quot;${TITULO}&quot;">
<kw name="Title Should Be" library="SeleniumLibrary">
<arg>${TITULO}</arg>
<doc>Verifies that the current page title equals ``title``.</doc>
<msg timestamp="20230516 20:51:47.503" level="INFO">Page title is 'Amazon.com.br | Tudo pra você, de A a Z.'.</msg>
<status status="PASS" starttime="20230516 20:51:47.494" endtime="20230516 20:51:47.503"/>
</kw>
<kw name="Capture Page Screenshot" library="SeleniumLibrary">
<doc>Takes a screenshot of the current page and embeds it into a log file.</doc>
<msg timestamp="20230516 20:51:47.800" level="INFO" html="true">&lt;/td&gt;&lt;/tr&gt;&lt;tr&gt;&lt;td colspan="3"&gt;&lt;a href="selenium-screenshot-16.png"&gt;&lt;img src="selenium-screenshot-16.png" width="800px"&gt;&lt;/a&gt;</msg>
<status status="PASS" starttime="20230516 20:51:47.503" endtime="20230516 20:51:47.800"/>
</kw>
<status status="PASS" starttime="20230516 20:51:47.493" endtime="20230516 20:51:47.800"/>
</kw>
<kw name="Entrar no menu &quot;Eletrônicos&quot;" library="amazon_resources">
<kw name="Wait Until Element Is Visible" library="SeleniumLibrary">
<arg>${MENU_ELETRONICOS}</arg>
<doc>Waits until the element ``locator`` is visible.</doc>
<status status="PASS" starttime="20230516 20:51:47.801" endtime="20230516 20:51:47.846"/>
</kw>
<kw name="Click Element" library="SeleniumLibrary">
<arg>${MENU_ELETRONICOS}</arg>
<doc>Click the element identified by ``locator``.</doc>
<msg timestamp="20230516 20:51:47.847" level="INFO">Clicking element '//a[contains(.,'Eletrônicos')]'.</msg>
<status status="PASS" starttime="20230516 20:51:47.846" endtime="20230516 20:51:50.458"/>
</kw>
<kw name="Wait Until Element Is Visible" library="SeleniumLibrary">
<arg>locator=//span[@class='a-size-base a-color-base apb-browse-refinements-indent-1 a-text-bold'][contains(.,'Eletrônicos e Tecnologia')]</arg>
<doc>Waits until the element ``locator`` is visible.</doc>
<status status="PASS" starttime="20230516 20:51:50.459" endtime="20230516 20:51:50.636"/>
</kw>
<kw name="Capture Page Screenshot" library="SeleniumLibrary">
<doc>Takes a screenshot of the current page and embeds it into a log file.</doc>
<msg timestamp="20230516 20:51:51.012" level="INFO" html="true">&lt;/td&gt;&lt;/tr&gt;&lt;tr&gt;&lt;td colspan="3"&gt;&lt;a href="selenium-screenshot-17.png"&gt;&lt;img src="selenium-screenshot-17.png" width="800px"&gt;&lt;/a&gt;</msg>
<status status="PASS" starttime="20230516 20:51:50.636" endtime="20230516 20:51:51.012"/>
</kw>
<status status="PASS" starttime="20230516 20:51:47.801" endtime="20230516 20:51:51.012"/>
</kw>
<kw name="Verificar se aparece a frase &quot;Eletrônicos e Tecnologia&quot;" library="amazon_resources" sourcename="Verificar se aparece a frase &quot;${FRASE}&quot;">
<kw name="Wait Until Page Contains" library="SeleniumLibrary">
<arg>text=${FRASE}</arg>
<doc>Waits until ``text`` appears on the current page.</doc>
<status status="PASS" starttime="20230516 20:51:51.013" endtime="20230516 20:51:51.144"/>
</kw>
<kw name="Wait Until Element Is Visible" library="SeleniumLibrary">
<arg>${HEADER_DEPARTAMENTOS}</arg>
<doc>Waits until the element ``locator`` is visible.</doc>
<status status="PASS" starttime="20230516 20:51:51.145" endtime="20230516 20:51:51.301"/>
</kw>
<kw name="Capture Page Screenshot" library="SeleniumLibrary">
<doc>Takes a screenshot of the current page and embeds it into a log file.</doc>
<msg timestamp="20230516 20:51:51.633" level="INFO" html="true">&lt;/td&gt;&lt;/tr&gt;&lt;tr&gt;&lt;td colspan="3"&gt;&lt;a href="selenium-screenshot-18.png"&gt;&lt;img src="selenium-screenshot-18.png" width="800px"&gt;&lt;/a&gt;</msg>
<status status="PASS" starttime="20230516 20:51:51.301" endtime="20230516 20:51:51.633"/>
</kw>
<status status="PASS" starttime="20230516 20:51:51.013" endtime="20230516 20:51:51.633"/>
</kw>
<kw name="Verificar se o título da página fica &quot;Eletrônicos e Tecnologia | Amazon.com.br&quot;" library="amazon_resources" sourcename="Verificar se o título da página fica &quot;${TITULO}&quot;">
<kw name="Title Should Be" library="SeleniumLibrary">
<arg>${TITULO}</arg>
<doc>Verifies that the current page title equals ``title``.</doc>
<msg timestamp="20230516 20:51:51.677" level="INFO">Page title is 'Eletrônicos e Tecnologia | Amazon.com.br'.</msg>
<status status="PASS" starttime="20230516 20:51:51.634" endtime="20230516 20:51:51.677"/>
</kw>
<kw name="Capture Page Screenshot" library="SeleniumLibrary">
<doc>Takes a screenshot of the current page and embeds it into a log file.</doc>
<msg timestamp="20230516 20:51:51.989" level="INFO" html="true">&lt;/td&gt;&lt;/tr&gt;&lt;tr&gt;&lt;td colspan="3"&gt;&lt;a href="selenium-screenshot-19.png"&gt;&lt;img src="selenium-screenshot-19.png" width="800px"&gt;&lt;/a&gt;</msg>
<status status="PASS" starttime="20230516 20:51:51.677" endtime="20230516 20:51:51.989"/>
</kw>
<status status="PASS" starttime="20230516 20:51:51.634" endtime="20230516 20:51:51.989"/>
</kw>
<kw name="Verificar se aparece a categoria &quot;Computadores e Informática&quot;" library="amazon_resources" sourcename="Verificar se aparece a categoria &quot;${NOME_CATEGORIA}&quot;">
<kw name="Element Should Be Visible" library="SeleniumLibrary">
<arg>//span[@dir='auto'][contains(.,'${NOME_CATEGORIA}')]</arg>
<doc>Verifies that the element identified by ``locator`` is visible.</doc>
<msg timestamp="20230516 20:51:52.138" level="INFO">Element '//span[@dir='auto'][contains(.,'Computadores e Informática')]' is displayed.</msg>
<status status="PASS" starttime="20230516 20:51:51.991" endtime="20230516 20:51:52.138"/>
</kw>
<kw name="Capture Page Screenshot" library="SeleniumLibrary">
<doc>Takes a screenshot of the current page and embeds it into a log file.</doc>
<msg timestamp="20230516 20:51:52.459" level="INFO" html="true">&lt;/td&gt;&lt;/tr&gt;&lt;tr&gt;&lt;td colspan="3"&gt;&lt;a href="selenium-screenshot-20.png"&gt;&lt;img src="selenium-screenshot-20.png" width="800px"&gt;&lt;/a&gt;</msg>
<status status="PASS" starttime="20230516 20:51:52.138" endtime="20230516 20:51:52.459"/>
</kw>
<status status="PASS" starttime="20230516 20:51:51.990" endtime="20230516 20:51:52.459"/>
</kw>
<kw name="Fechar o navegador" library="amazon_resources" type="TEARDOWN">
<kw name="Capture Page Screenshot" library="SeleniumLibrary">
<doc>Takes a screenshot of the current page and embeds it into a log file.</doc>
<msg timestamp="20230516 20:51:52.753" level="INFO" html="true">&lt;/td&gt;&lt;/tr&gt;&lt;tr&gt;&lt;td colspan="3"&gt;&lt;a href="selenium-screenshot-21.png"&gt;&lt;img src="selenium-screenshot-21.png" width="800px"&gt;&lt;/a&gt;</msg>
<status status="PASS" starttime="20230516 20:51:52.461" endtime="20230516 20:51:52.753"/>
</kw>
<kw name="Close Browser" library="SeleniumLibrary">
<doc>Closes the current browser.</doc>
<status status="PASS" starttime="20230516 20:51:52.753" endtime="20230516 20:51:54.944"/>
</kw>
<status status="PASS" starttime="20230516 20:51:52.460" endtime="20230516 20:51:54.944"/>
</kw>
<doc>esse teste acessa o menu Eletrônicos do site amazon.com.br
e verifica a categoria Computadores e informática</doc>
<tag>categorias</tag>
<tag>Menus</tag>
<status status="PASS" starttime="20230516 20:51:42.188" endtime="20230516 20:51:54.945"/>
</test>
<test id="s1-t3" name="Caso de teste 03 - Categoria &quot;Celulares e Comunicação&quot;" line="35">
<kw name="Abrir o navegador" library="amazon_resources" type="SETUP">
<kw name="Open Browser" library="SeleniumLibrary">
<arg>browser=chrome</arg>
<arg>options=add_experimental_option("detach", True)</arg>
<doc>Opens a new browser instance to the optional ``url``.</doc>
<msg timestamp="20230516 20:51:54.947" level="INFO">Opening browser 'chrome' to base url 'None'.</msg>
<status status="PASS" starttime="20230516 20:51:54.947" endtime="20230516 20:51:56.095"/>
</kw>
<kw name="Set Window Size" library="SeleniumLibrary">
<arg>3000</arg>
<arg>1500</arg>
<doc>Sets current windows size to given ``width`` and ``height``.</doc>
<status status="PASS" starttime="20230516 20:51:56.095" endtime="20230516 20:51:56.219"/>
</kw>
<status status="PASS" starttime="20230516 20:51:54.947" endtime="20230516 20:51:56.219"/>
</kw>
<kw name="Acessar a home page do site Amazon.com.br" library="amazon_resources">
<kw name="Go To" library="SeleniumLibrary">
<arg>${URL}</arg>
<doc>Navigates the current browser window to the provided ``url``.</doc>
<msg timestamp="20230516 20:51:56.220" level="INFO">Opening url 'http://www.amazon.com.br/'</msg>
<status status="PASS" starttime="20230516 20:51:56.220" endtime="20230516 20:51:58.427"/>
</kw>
<kw name="Run Keyword And Return Status" library="BuiltIn">
<var>${BARRA_DE_MENUS}</var>
<arg>Element Should Be Visible</arg>
<arg>${BARRA_DE_MENUS}</arg>
<doc>Runs the given keyword with given arguments and returns the status as a Boolean value.</doc>
<kw name="Element Should Be Visible" library="SeleniumLibrary">
<arg>${BARRA_DE_MENUS}</arg>
<doc>Verifies that the element identified by ``locator`` is visible.</doc>
<msg timestamp="20230516 20:51:58.489" level="INFO">Element '//div[@id='nav-xshop']' is displayed.</msg>
<status status="PASS" starttime="20230516 20:51:58.428" endtime="20230516 20:51:58.489"/>
</kw>
<msg timestamp="20230516 20:51:58.489" level="INFO">${BARRA_DE_MENUS} = True</msg>
<status status="PASS" starttime="20230516 20:51:58.427" endtime="20230516 20:51:58.489"/>
</kw>
<kw name="Run Keyword If" library="BuiltIn">
<arg>'${BARRA_DE_MENUS}' == 'False'</arg>
<arg>reload Page</arg>
<doc>Runs the given keyword with the given arguments, if ``condition`` is true.</doc>
<status status="PASS" starttime="20230516 20:51:58.490" endtime="20230516 20:51:58.490"/>
</kw>
<kw name="Capture Page Screenshot" library="SeleniumLibrary">
<doc>Takes a screenshot of the current page and embeds it into a log file.</doc>
<msg timestamp="20230516 20:51:58.835" level="INFO" html="true">&lt;/td&gt;&lt;/tr&gt;&lt;tr&gt;&lt;td colspan="3"&gt;&lt;a href="selenium-screenshot-22.png"&gt;&lt;img src="selenium-screenshot-22.png" width="800px"&gt;&lt;/a&gt;</msg>
<status status="PASS" starttime="20230516 20:51:58.490" endtime="20230516 20:51:58.835"/>
</kw>
<status status="PASS" starttime="20230516 20:51:56.220" endtime="20230516 20:51:58.836"/>
</kw>
<kw name="Verificar se o título da página fica &quot;Amazon.com.br | Tudo pra você, de A a Z.&quot;" library="amazon_resources" sourcename="Verificar se o título da página fica &quot;${TITULO}&quot;">
<kw name="Title Should Be" library="SeleniumLibrary">
<arg>${TITULO}</arg>
<doc>Verifies that the current page title equals ``title``.</doc>
<msg timestamp="20230516 20:51:58.845" level="INFO">Page title is 'Amazon.com.br | Tudo pra você, de A a Z.'.</msg>
<status status="PASS" starttime="20230516 20:51:58.837" endtime="20230516 20:51:58.845"/>
</kw>
<kw name="Capture Page Screenshot" library="SeleniumLibrary">
<doc>Takes a screenshot of the current page and embeds it into a log file.</doc>
<msg timestamp="20230516 20:51:59.153" level="INFO" html="true">&lt;/td&gt;&lt;/tr&gt;&lt;tr&gt;&lt;td colspan="3"&gt;&lt;a href="selenium-screenshot-23.png"&gt;&lt;img src="selenium-screenshot-23.png" width="800px"&gt;&lt;/a&gt;</msg>
<status status="PASS" starttime="20230516 20:51:58.845" endtime="20230516 20:51:59.153"/>
</kw>
<status status="PASS" starttime="20230516 20:51:58.836" endtime="20230516 20:51:59.153"/>
</kw>
<kw name="Entrar no menu &quot;Eletrônicos&quot;" library="amazon_resources">
<kw name="Wait Until Element Is Visible" library="SeleniumLibrary">
<arg>${MENU_ELETRONICOS}</arg>
<doc>Waits until the element ``locator`` is visible.</doc>
<status status="PASS" starttime="20230516 20:51:59.156" endtime="20230516 20:51:59.197"/>
</kw>
<kw name="Click Element" library="SeleniumLibrary">
<arg>${MENU_ELETRONICOS}</arg>
<doc>Click the element identified by ``locator``.</doc>
<msg timestamp="20230516 20:51:59.198" level="INFO">Clicking element '//a[contains(.,'Eletrônicos')]'.</msg>
<status status="PASS" starttime="20230516 20:51:59.197" endtime="20230516 20:52:01.646"/>
</kw>
<kw name="Wait Until Element Is Visible" library="SeleniumLibrary">
<arg>locator=//span[@class='a-size-base a-color-base apb-browse-refinements-indent-1 a-text-bold'][contains(.,'Eletrônicos e Tecnologia')]</arg>
<doc>Waits until the element ``locator`` is visible.</doc>
<status status="PASS" starttime="20230516 20:52:01.646" endtime="20230516 20:52:01.844"/>
</kw>
<kw name="Capture Page Screenshot" library="SeleniumLibrary">
<doc>Takes a screenshot of the current page and embeds it into a log file.</doc>
<msg timestamp="20230516 20:52:02.177" level="INFO" html="true">&lt;/td&gt;&lt;/tr&gt;&lt;tr&gt;&lt;td colspan="3"&gt;&lt;a href="selenium-screenshot-24.png"&gt;&lt;img src="selenium-screenshot-24.png" width="800px"&gt;&lt;/a&gt;</msg>
<status status="PASS" starttime="20230516 20:52:01.844" endtime="20230516 20:52:02.177"/>
</kw>
<status status="PASS" starttime="20230516 20:51:59.155" endtime="20230516 20:52:02.177"/>
</kw>
<kw name="Verificar se aparece a frase &quot;Eletrônicos e Tecnologia&quot;" library="amazon_resources" sourcename="Verificar se aparece a frase &quot;${FRASE}&quot;">
<kw name="Wait Until Page Contains" library="SeleniumLibrary">
<arg>text=${FRASE}</arg>
<doc>Waits until ``text`` appears on the current page.</doc>
<status status="PASS" starttime="20230516 20:52:02.178" endtime="20230516 20:52:02.299"/>
</kw>
<kw name="Wait Until Element Is Visible" library="SeleniumLibrary">
<arg>${HEADER_DEPARTAMENTOS}</arg>
<doc>Waits until the element ``locator`` is visible.</doc>
<status status="PASS" starttime="20230516 20:52:02.299" endtime="20230516 20:52:02.448"/>
</kw>
<kw name="Capture Page Screenshot" library="SeleniumLibrary">
<doc>Takes a screenshot of the current page and embeds it into a log file.</doc>
<msg timestamp="20230516 20:52:02.755" level="INFO" html="true">&lt;/td&gt;&lt;/tr&gt;&lt;tr&gt;&lt;td colspan="3"&gt;&lt;a href="selenium-screenshot-25.png"&gt;&lt;img src="selenium-screenshot-25.png" width="800px"&gt;&lt;/a&gt;</msg>
<status status="PASS" starttime="20230516 20:52:02.448" endtime="20230516 20:52:02.755"/>
</kw>
<status status="PASS" starttime="20230516 20:52:02.178" endtime="20230516 20:52:02.755"/>
</kw>
<kw name="Verificar se o título da página fica &quot;Eletrônicos e Tecnologia | Amazon.com.br&quot;" library="amazon_resources" sourcename="Verificar se o título da página fica &quot;${TITULO}&quot;">
<kw name="Title Should Be" library="SeleniumLibrary">
<arg>${TITULO}</arg>
<doc>Verifies that the current page title equals ``title``.</doc>
<msg timestamp="20230516 20:52:02.848" level="INFO">Page title is 'Eletrônicos e Tecnologia | Amazon.com.br'.</msg>
<status status="PASS" starttime="20230516 20:52:02.757" endtime="20230516 20:52:02.848"/>
</kw>
<kw name="Capture Page Screenshot" library="SeleniumLibrary">
<doc>Takes a screenshot of the current page and embeds it into a log file.</doc>
<msg timestamp="20230516 20:52:03.181" level="INFO" html="true">&lt;/td&gt;&lt;/tr&gt;&lt;tr&gt;&lt;td colspan="3"&gt;&lt;a href="selenium-screenshot-26.png"&gt;&lt;img src="selenium-screenshot-26.png" width="800px"&gt;&lt;/a&gt;</msg>
<status status="PASS" starttime="20230516 20:52:02.848" endtime="20230516 20:52:03.182"/>
</kw>
<status status="PASS" starttime="20230516 20:52:02.756" endtime="20230516 20:52:03.182"/>
</kw>
<kw name="Verificar se aparece a categoria &quot;Celulares e Comunicação&quot;" library="amazon_resources" sourcename="Verificar se aparece a categoria &quot;${NOME_CATEGORIA}&quot;">
<kw name="Element Should Be Visible" library="SeleniumLibrary">
<arg>//span[@dir='auto'][contains(.,'${NOME_CATEGORIA}')]</arg>
<doc>Verifies that the element identified by ``locator`` is visible.</doc>
<msg timestamp="20230516 20:52:03.320" level="INFO">Element '//span[@dir='auto'][contains(.,'Celulares e Comunicação')]' is displayed.</msg>
<status status="PASS" starttime="20230516 20:52:03.183" endtime="20230516 20:52:03.320"/>
</kw>
<kw name="Capture Page Screenshot" library="SeleniumLibrary">
<doc>Takes a screenshot of the current page and embeds it into a log file.</doc>
<msg timestamp="20230516 20:52:03.628" level="INFO" html="true">&lt;/td&gt;&lt;/tr&gt;&lt;tr&gt;&lt;td colspan="3"&gt;&lt;a href="selenium-screenshot-27.png"&gt;&lt;img src="selenium-screenshot-27.png" width="800px"&gt;&lt;/a&gt;</msg>
<status status="PASS" starttime="20230516 20:52:03.320" endtime="20230516 20:52:03.628"/>
</kw>
<status status="PASS" starttime="20230516 20:52:03.183" endtime="20230516 20:52:03.628"/>
</kw>
<kw name="Fechar o navegador" library="amazon_resources" type="TEARDOWN">
<kw name="Capture Page Screenshot" library="SeleniumLibrary">
<doc>Takes a screenshot of the current page and embeds it into a log file.</doc>
<msg timestamp="20230516 20:52:03.959" level="INFO" html="true">&lt;/td&gt;&lt;/tr&gt;&lt;tr&gt;&lt;td colspan="3"&gt;&lt;a href="selenium-screenshot-28.png"&gt;&lt;img src="selenium-screenshot-28.png" width="800px"&gt;&lt;/a&gt;</msg>
<status status="PASS" starttime="20230516 20:52:03.630" endtime="20230516 20:52:03.959"/>
</kw>
<kw name="Close Browser" library="SeleniumLibrary">
<doc>Closes the current browser.</doc>
<status status="PASS" starttime="20230516 20:52:03.959" endtime="20230516 20:52:06.204"/>
</kw>
<status status="PASS" starttime="20230516 20:52:03.629" endtime="20230516 20:52:06.204"/>
</kw>
<doc>esse teste acessa o menu Eletrônicos do site amazon.com.br
e verifica a categoria Celulares e Comunicação</doc>
<tag>categorias</tag>
<tag>Menus</tag>
<status status="PASS" starttime="20230516 20:51:54.946" endtime="20230516 20:52:06.205"/>
</test>
<test id="s1-t4" name="Caso de teste 03 - Categoria &quot;TV, Áudio e Cinema em Casa&quot;" line="46">
<kw name="Abrir o navegador" library="amazon_resources" type="SETUP">
<kw name="Open Browser" library="SeleniumLibrary">
<arg>browser=chrome</arg>
<arg>options=add_experimental_option("detach", True)</arg>
<doc>Opens a new browser instance to the optional ``url``.</doc>
<msg timestamp="20230516 20:52:06.210" level="INFO">Opening browser 'chrome' to base url 'None'.</msg>
<status status="PASS" starttime="20230516 20:52:06.209" endtime="20230516 20:52:07.305"/>
</kw>
<kw name="Set Window Size" library="SeleniumLibrary">
<arg>3000</arg>
<arg>1500</arg>
<doc>Sets current windows size to given ``width`` and ``height``.</doc>
<status status="PASS" starttime="20230516 20:52:07.305" endtime="20230516 20:52:07.427"/>
</kw>
<status status="PASS" starttime="20230516 20:52:06.208" endtime="20230516 20:52:07.427"/>
</kw>
<kw name="Acessar a home page do site Amazon.com.br" library="amazon_resources">
<kw name="Go To" library="SeleniumLibrary">
<arg>${URL}</arg>
<doc>Navigates the current browser window to the provided ``url``.</doc>
<msg timestamp="20230516 20:52:07.428" level="INFO">Opening url 'http://www.amazon.com.br/'</msg>
<status status="PASS" starttime="20230516 20:52:07.428" endtime="20230516 20:52:08.978"/>
</kw>
<kw name="Run Keyword And Return Status" library="BuiltIn">
<var>${BARRA_DE_MENUS}</var>
<arg>Element Should Be Visible</arg>
<arg>${BARRA_DE_MENUS}</arg>
<doc>Runs the given keyword with given arguments and returns the status as a Boolean value.</doc>
<kw name="Element Should Be Visible" library="SeleniumLibrary">
<arg>${BARRA_DE_MENUS}</arg>
<doc>Verifies that the element identified by ``locator`` is visible.</doc>
<msg timestamp="20230516 20:52:09.338" level="INFO" html="true">&lt;/td&gt;&lt;/tr&gt;&lt;tr&gt;&lt;td colspan="3"&gt;&lt;a href="selenium-screenshot-29.png"&gt;&lt;img src="selenium-screenshot-29.png" width="800px"&gt;&lt;/a&gt;</msg>
<msg timestamp="20230516 20:52:09.338" level="FAIL">Element with locator '//div[@id='nav-xshop']' not found.</msg>
<status status="FAIL" starttime="20230516 20:52:08.979" endtime="20230516 20:52:09.340"/>
</kw>
<msg timestamp="20230516 20:52:09.341" level="INFO">${BARRA_DE_MENUS} = False</msg>
<status status="PASS" starttime="20230516 20:52:08.978" endtime="20230516 20:52:09.341"/>
</kw>
<kw name="Run Keyword If" library="BuiltIn">
<arg>'${BARRA_DE_MENUS}' == 'False'</arg>
<arg>reload Page</arg>
<doc>Runs the given keyword with the given arguments, if ``condition`` is true.</doc>
<kw name="Reload Page" library="SeleniumLibrary">
<doc>Simulates user reloading page.</doc>
<status status="PASS" starttime="20230516 20:52:09.341" endtime="20230516 20:52:09.369"/>
</kw>
<status status="PASS" starttime="20230516 20:52:09.341" endtime="20230516 20:52:09.369"/>
</kw>
<kw name="Capture Page Screenshot" library="SeleniumLibrary">
<doc>Takes a screenshot of the current page and embeds it into a log file.</doc>
<msg timestamp="20230516 20:52:11.486" level="INFO" html="true">&lt;/td&gt;&lt;/tr&gt;&lt;tr&gt;&lt;td colspan="3"&gt;&lt;a href="selenium-screenshot-30.png"&gt;&lt;img src="selenium-screenshot-30.png" width="800px"&gt;&lt;/a&gt;</msg>
<status status="PASS" starttime="20230516 20:52:09.369" endtime="20230516 20:52:11.486"/>
</kw>
<status status="PASS" starttime="20230516 20:52:07.427" endtime="20230516 20:52:11.486"/>
</kw>
<kw name="Verificar se o título da página fica &quot;Amazon.com.br | Tudo pra você, de A a Z.&quot;" library="amazon_resources" sourcename="Verificar se o título da página fica &quot;${TITULO}&quot;">
<kw name="Title Should Be" library="SeleniumLibrary">
<arg>${TITULO}</arg>
<doc>Verifies that the current page title equals ``title``.</doc>
<msg timestamp="20230516 20:52:11.497" level="INFO">Page title is 'Amazon.com.br | Tudo pra você, de A a Z.'.</msg>
<status status="PASS" starttime="20230516 20:52:11.488" endtime="20230516 20:52:11.497"/>
</kw>
<kw name="Capture Page Screenshot" library="SeleniumLibrary">
<doc>Takes a screenshot of the current page and embeds it into a log file.</doc>
<msg timestamp="20230516 20:52:11.803" level="INFO" html="true">&lt;/td&gt;&lt;/tr&gt;&lt;tr&gt;&lt;td colspan="3"&gt;&lt;a href="selenium-screenshot-31.png"&gt;&lt;img src="selenium-screenshot-31.png" width="800px"&gt;&lt;/a&gt;</msg>
<status status="PASS" starttime="20230516 20:52:11.497" endtime="20230516 20:52:11.803"/>
</kw>
<status status="PASS" starttime="20230516 20:52:11.487" endtime="20230516 20:52:11.803"/>
</kw>
<kw name="Entrar no menu &quot;Eletrônicos&quot;" library="amazon_resources">
<kw name="Wait Until Element Is Visible" library="SeleniumLibrary">
<arg>${MENU_ELETRONICOS}</arg>
<doc>Waits until the element ``locator`` is visible.</doc>
<status status="PASS" starttime="20230516 20:52:11.804" endtime="20230516 20:52:11.848"/>
</kw>
<kw name="Click Element" library="SeleniumLibrary">
<arg>${MENU_ELETRONICOS}</arg>
<doc>Click the element identified by ``locator``.</doc>
<msg timestamp="20230516 20:52:11.848" level="INFO">Clicking element '//a[contains(.,'Eletrônicos')]'.</msg>
<status status="PASS" starttime="20230516 20:52:11.848" endtime="20230516 20:52:14.343"/>
</kw>
<kw name="Wait Until Element Is Visible" library="SeleniumLibrary">
<arg>locator=//span[@class='a-size-base a-color-base apb-browse-refinements-indent-1 a-text-bold'][contains(.,'Eletrônicos e Tecnologia')]</arg>
<doc>Waits until the element ``locator`` is visible.</doc>
<status status="PASS" starttime="20230516 20:52:14.343" endtime="20230516 20:52:14.546"/>
</kw>
<kw name="Capture Page Screenshot" library="SeleniumLibrary">
<doc>Takes a screenshot of the current page and embeds it into a log file.</doc>
<msg timestamp="20230516 20:52:14.945" level="INFO" html="true">&lt;/td&gt;&lt;/tr&gt;&lt;tr&gt;&lt;td colspan="3"&gt;&lt;a href="selenium-screenshot-32.png"&gt;&lt;img src="selenium-screenshot-32.png" width="800px"&gt;&lt;/a&gt;</msg>
<status status="PASS" starttime="20230516 20:52:14.546" endtime="20230516 20:52:14.945"/>
</kw>
<status status="PASS" starttime="20230516 20:52:11.803" endtime="20230516 20:52:14.945"/>
</kw>
<kw name="Verificar se aparece a frase &quot;Eletrônicos e Tecnologia&quot;" library="amazon_resources" sourcename="Verificar se aparece a frase &quot;${FRASE}&quot;">
<kw name="Wait Until Page Contains" library="SeleniumLibrary">
<arg>text=${FRASE}</arg>
<doc>Waits until ``text`` appears on the current page.</doc>
<status status="PASS" starttime="20230516 20:52:14.947" endtime="20230516 20:52:15.085"/>
</kw>
<kw name="Wait Until Element Is Visible" library="SeleniumLibrary">
<arg>${HEADER_DEPARTAMENTOS}</arg>
<doc>Waits until the element ``locator`` is visible.</doc>
<status status="PASS" starttime="20230516 20:52:15.085" endtime="20230516 20:52:15.265"/>
</kw>
<kw name="Capture Page Screenshot" library="SeleniumLibrary">
<doc>Takes a screenshot of the current page and embeds it into a log file.</doc>
<msg timestamp="20230516 20:52:15.572" level="INFO" html="true">&lt;/td&gt;&lt;/tr&gt;&lt;tr&gt;&lt;td colspan="3"&gt;&lt;a href="selenium-screenshot-33.png"&gt;&lt;img src="selenium-screenshot-33.png" width="800px"&gt;&lt;/a&gt;</msg>
<status status="PASS" starttime="20230516 20:52:15.265" endtime="20230516 20:52:15.572"/>
</kw>
<status status="PASS" starttime="20230516 20:52:14.946" endtime="20230516 20:52:15.573"/>
</kw>
<kw name="Verificar se o título da página fica &quot;Eletrônicos e Tecnologia | Amazon.com.br&quot;" library="amazon_resources" sourcename="Verificar se o título da página fica &quot;${TITULO}&quot;">
<kw name="Title Should Be" library="SeleniumLibrary">
<arg>${TITULO}</arg>
<doc>Verifies that the current page title equals ``title``.</doc>
<msg timestamp="20230516 20:52:15.620" level="INFO">Page title is 'Eletrônicos e Tecnologia | Amazon.com.br'.</msg>
<status status="PASS" starttime="20230516 20:52:15.575" endtime="20230516 20:52:15.620"/>
</kw>
<kw name="Capture Page Screenshot" library="SeleniumLibrary">
<doc>Takes a screenshot of the current page and embeds it into a log file.</doc>
<msg timestamp="20230516 20:52:15.972" level="INFO" html="true">&lt;/td&gt;&lt;/tr&gt;&lt;tr&gt;&lt;td colspan="3"&gt;&lt;a href="selenium-screenshot-34.png"&gt;&lt;img src="selenium-screenshot-34.png" width="800px"&gt;&lt;/a&gt;</msg>
<status status="PASS" starttime="20230516 20:52:15.621" endtime="20230516 20:52:15.972"/>
</kw>
<status status="PASS" starttime="20230516 20:52:15.574" endtime="20230516 20:52:15.973"/>
</kw>
<kw name="Verificar se aparece a categoria &quot;TV, Áudio e Cinema em Casa&quot;" library="amazon_resources" sourcename="Verificar se aparece a categoria &quot;${NOME_CATEGORIA}&quot;">
<kw name="Element Should Be Visible" library="SeleniumLibrary">
<arg>//span[@dir='auto'][contains(.,'${NOME_CATEGORIA}')]</arg>
<doc>Verifies that the element identified by ``locator`` is visible.</doc>
<msg timestamp="20230516 20:52:16.164" level="INFO">Element '//span[@dir='auto'][contains(.,'TV, Áudio e Cinema em Casa')]' is displayed.</msg>
<status status="PASS" starttime="20230516 20:52:15.973" endtime="20230516 20:52:16.165"/>
</kw>
<kw name="Capture Page Screenshot" library="SeleniumLibrary">
<doc>Takes a screenshot of the current page and embeds it into a log file.</doc>
<msg timestamp="20230516 20:52:16.453" level="INFO" html="true">&lt;/td&gt;&lt;/tr&gt;&lt;tr&gt;&lt;td colspan="3"&gt;&lt;a href="selenium-screenshot-35.png"&gt;&lt;img src="selenium-screenshot-35.png" width="800px"&gt;&lt;/a&gt;</msg>
<status status="PASS" starttime="20230516 20:52:16.165" endtime="20230516 20:52:16.453"/>
</kw>
<status status="PASS" starttime="20230516 20:52:15.973" endtime="20230516 20:52:16.453"/>
</kw>
<kw name="Fechar o navegador" library="amazon_resources" type="TEARDOWN">
<kw name="Capture Page Screenshot" library="SeleniumLibrary">
<doc>Takes a screenshot of the current page and embeds it into a log file.</doc>
<msg timestamp="20230516 20:52:16.769" level="INFO" html="true">&lt;/td&gt;&lt;/tr&gt;&lt;tr&gt;&lt;td colspan="3"&gt;&lt;a href="selenium-screenshot-36.png"&gt;&lt;img src="selenium-screenshot-36.png" width="800px"&gt;&lt;/a&gt;</msg>
<status status="PASS" starttime="20230516 20:52:16.454" endtime="20230516 20:52:16.769"/>
</kw>
<kw name="Close Browser" library="SeleniumLibrary">
<doc>Closes the current browser.</doc>
<status status="PASS" starttime="20230516 20:52:16.769" endtime="20230516 20:52:19.025"/>
</kw>
<status status="PASS" starttime="20230516 20:52:16.453" endtime="20230516 20:52:19.025"/>
</kw>
<doc>esse teste acessa o menu Eletrônicos do site amazon.com.br
e verifica a categoria TV e Cinema em Casa</doc>
<tag>categorias</tag>
<tag>Menus</tag>
<status status="PASS" starttime="20230516 20:52:06.207" endtime="20230516 20:52:19.025"/>
</test>
<test id="s1-t5" name="Caso de teste 04 - Categoria &quot;Áudio e Vídeo Portáteis&quot;" line="57">
<kw name="Abrir o navegador" library="amazon_resources" type="SETUP">
<kw name="Open Browser" library="SeleniumLibrary">
<arg>browser=chrome</arg>
<arg>options=add_experimental_option("detach", True)</arg>
<doc>Opens a new browser instance to the optional ``url``.</doc>
<msg timestamp="20230516 20:52:19.028" level="INFO">Opening browser 'chrome' to base url 'None'.</msg>
<status status="PASS" starttime="20230516 20:52:19.028" endtime="20230516 20:52:20.172"/>
</kw>
<kw name="Set Window Size" library="SeleniumLibrary">
<arg>3000</arg>
<arg>1500</arg>
<doc>Sets current windows size to given ``width`` and ``height``.</doc>
<status status="PASS" starttime="20230516 20:52:20.172" endtime="20230516 20:52:20.307"/>
</kw>
<status status="PASS" starttime="20230516 20:52:19.028" endtime="20230516 20:52:20.307"/>
</kw>
<kw name="Acessar a home page do site Amazon.com.br" library="amazon_resources">
<kw name="Go To" library="SeleniumLibrary">
<arg>${URL}</arg>
<doc>Navigates the current browser window to the provided ``url``.</doc>
<msg timestamp="20230516 20:52:20.308" level="INFO">Opening url 'http://www.amazon.com.br/'</msg>
<status status="PASS" starttime="20230516 20:52:20.308" endtime="20230516 20:52:22.396"/>
</kw>
<kw name="Run Keyword And Return Status" library="BuiltIn">
<var>${BARRA_DE_MENUS}</var>
<arg>Element Should Be Visible</arg>
<arg>${BARRA_DE_MENUS}</arg>
<doc>Runs the given keyword with given arguments and returns the status as a Boolean value.</doc>
<kw name="Element Should Be Visible" library="SeleniumLibrary">
<arg>${BARRA_DE_MENUS}</arg>
<doc>Verifies that the element identified by ``locator`` is visible.</doc>
<msg timestamp="20230516 20:52:22.515" level="INFO">Element '//div[@id='nav-xshop']' is displayed.</msg>
<status status="PASS" starttime="20230516 20:52:22.397" endtime="20230516 20:52:22.515"/>
</kw>
<msg timestamp="20230516 20:52:22.515" level="INFO">${BARRA_DE_MENUS} = True</msg>
<status status="PASS" starttime="20230516 20:52:22.396" endtime="20230516 20:52:22.515"/>
</kw>
<kw name="Run Keyword If" library="BuiltIn">
<arg>'${BARRA_DE_MENUS}' == 'False'</arg>
<arg>reload Page</arg>
<doc>Runs the given keyword with the given arguments, if ``condition`` is true.</doc>
<status status="PASS" starttime="20230516 20:52:22.515" endtime="20230516 20:52:22.516"/>
</kw>
<kw name="Capture Page Screenshot" library="SeleniumLibrary">
<doc>Takes a screenshot of the current page and embeds it into a log file.</doc>
<msg timestamp="20230516 20:52:22.890" level="INFO" html="true">&lt;/td&gt;&lt;/tr&gt;&lt;tr&gt;&lt;td colspan="3"&gt;&lt;a href="selenium-screenshot-37.png"&gt;&lt;img src="selenium-screenshot-37.png" width="800px"&gt;&lt;/a&gt;</msg>
<status status="PASS" starttime="20230516 20:52:22.516" endtime="20230516 20:52:22.890"/>
</kw>
<status status="PASS" starttime="20230516 20:52:20.307" endtime="20230516 20:52:22.891"/>
</kw>
<kw name="Verificar se o título da página fica &quot;Amazon.com.br | Tudo pra você, de A a Z.&quot;" library="amazon_resources" sourcename="Verificar se o título da página fica &quot;${TITULO}&quot;">
<kw name="Title Should Be" library="SeleniumLibrary">
<arg>${TITULO}</arg>
<doc>Verifies that the current page title equals ``title``.</doc>
<msg timestamp="20230516 20:52:22.901" level="INFO">Page title is 'Amazon.com.br | Tudo pra você, de A a Z.'.</msg>
<status status="PASS" starttime="20230516 20:52:22.892" endtime="20230516 20:52:22.901"/>
</kw>
<kw name="Capture Page Screenshot" library="SeleniumLibrary">
<doc>Takes a screenshot of the current page and embeds it into a log file.</doc>
<msg timestamp="20230516 20:52:23.207" level="INFO" html="true">&lt;/td&gt;&lt;/tr&gt;&lt;tr&gt;&lt;td colspan="3"&gt;&lt;a href="selenium-screenshot-38.png"&gt;&lt;img src="selenium-screenshot-38.png" width="800px"&gt;&lt;/a&gt;</msg>
<status status="PASS" starttime="20230516 20:52:22.902" endtime="20230516 20:52:23.207"/>
</kw>
<status status="PASS" starttime="20230516 20:52:22.892" endtime="20230516 20:52:23.207"/>
</kw>
<kw name="Entrar no menu &quot;Eletrônicos&quot;" library="amazon_resources">
<kw name="Wait Until Element Is Visible" library="SeleniumLibrary">
<arg>${MENU_ELETRONICOS}</arg>
<doc>Waits until the element ``locator`` is visible.</doc>
<status status="PASS" starttime="20230516 20:52:23.208" endtime="20230516 20:52:23.249"/>
</kw>
<kw name="Click Element" library="SeleniumLibrary">
<arg>${MENU_ELETRONICOS}</arg>
<doc>Click the element identified by ``locator``.</doc>
<msg timestamp="20230516 20:52:23.250" level="INFO">Clicking element '//a[contains(.,'Eletrônicos')]'.</msg>
<status status="PASS" starttime="20230516 20:52:23.249" endtime="20230516 20:52:25.918"/>
</kw>
<kw name="Wait Until Element Is Visible" library="SeleniumLibrary">
<arg>locator=//span[@class='a-size-base a-color-base apb-browse-refinements-indent-1 a-text-bold'][contains(.,'Eletrônicos e Tecnologia')]</arg>
<doc>Waits until the element ``locator`` is visible.</doc>
<status status="PASS" starttime="20230516 20:52:25.918" endtime="20230516 20:52:26.119"/>
</kw>
<kw name="Capture Page Screenshot" library="SeleniumLibrary">
<doc>Takes a screenshot of the current page and embeds it into a log file.</doc>
<msg timestamp="20230516 20:52:26.499" level="INFO" html="true">&lt;/td&gt;&lt;/tr&gt;&lt;tr&gt;&lt;td colspan="3"&gt;&lt;a href="selenium-screenshot-39.png"&gt;&lt;img src="selenium-screenshot-39.png" width="800px"&gt;&lt;/a&gt;</msg>
<status status="PASS" starttime="20230516 20:52:26.119" endtime="20230516 20:52:26.499"/>
</kw>
<status status="PASS" starttime="20230516 20:52:23.208" endtime="20230516 20:52:26.500"/>
</kw>
<kw name="Verificar se aparece a frase &quot;Eletrônicos e Tecnologia&quot;" library="amazon_resources" sourcename="Verificar se aparece a frase &quot;${FRASE}&quot;">
<kw name="Wait Until Page Contains" library="SeleniumLibrary">
<arg>text=${FRASE}</arg>
<doc>Waits until ``text`` appears on the current page.</doc>
<status status="PASS" starttime="20230516 20:52:26.500" endtime="20230516 20:52:26.590"/>
</kw>
<kw name="Wait Until Element Is Visible" library="SeleniumLibrary">
<arg>${HEADER_DEPARTAMENTOS}</arg>
<doc>Waits until the element ``locator`` is visible.</doc>
<status status="PASS" starttime="20230516 20:52:26.590" endtime="20230516 20:52:26.763"/>
</kw>
<kw name="Capture Page Screenshot" library="SeleniumLibrary">
<doc>Takes a screenshot of the current page and embeds it into a log file.</doc>
<msg timestamp="20230516 20:52:27.073" level="INFO" html="true">&lt;/td&gt;&lt;/tr&gt;&lt;tr&gt;&lt;td colspan="3"&gt;&lt;a href="selenium-screenshot-40.png"&gt;&lt;img src="selenium-screenshot-40.png" width="800px"&gt;&lt;/a&gt;</msg>
<status status="PASS" starttime="20230516 20:52:26.763" endtime="20230516 20:52:27.073"/>
</kw>
<status status="PASS" starttime="20230516 20:52:26.500" endtime="20230516 20:52:27.073"/>
</kw>
<kw name="Verificar se o título da página fica &quot;Eletrônicos e Tecnologia | Amazon.com.br&quot;" library="amazon_resources" sourcename="Verificar se o título da página fica &quot;${TITULO}&quot;">
<kw name="Title Should Be" library="SeleniumLibrary">
<arg>${TITULO}</arg>
<doc>Verifies that the current page title equals ``title``.</doc>
<msg timestamp="20230516 20:52:27.123" level="INFO">Page title is 'Eletrônicos e Tecnologia | Amazon.com.br'.</msg>
<status status="PASS" starttime="20230516 20:52:27.074" endtime="20230516 20:52:27.123"/>
</kw>
<kw name="Capture Page Screenshot" library="SeleniumLibrary">
<doc>Takes a screenshot of the current page and embeds it into a log file.</doc>
<msg timestamp="20230516 20:52:27.481" level="INFO" html="true">&lt;/td&gt;&lt;/tr&gt;&lt;tr&gt;&lt;td colspan="3"&gt;&lt;a href="selenium-screenshot-41.png"&gt;&lt;img src="selenium-screenshot-41.png" width="800px"&gt;&lt;/a&gt;</msg>
<status status="PASS" starttime="20230516 20:52:27.123" endtime="20230516 20:52:27.481"/>
</kw>
<status status="PASS" starttime="20230516 20:52:27.073" endtime="20230516 20:52:27.481"/>
</kw>
<kw name="Verificar se aparece a categoria &quot;Áudio e Vídeo Portáteis&quot;" library="amazon_resources" sourcename="Verificar se aparece a categoria &quot;${NOME_CATEGORIA}&quot;">
<kw name="Element Should Be Visible" library="SeleniumLibrary">
<arg>//span[@dir='auto'][contains(.,'${NOME_CATEGORIA}')]</arg>
<doc>Verifies that the element identified by ``locator`` is visible.</doc>
<msg timestamp="20230516 20:52:27.652" level="INFO">Element '//span[@dir='auto'][contains(.,'Áudio e Vídeo Portáteis')]' is displayed.</msg>
<status status="PASS" starttime="20230516 20:52:27.483" endtime="20230516 20:52:27.652"/>
</kw>
<kw name="Capture Page Screenshot" library="SeleniumLibrary">
<doc>Takes a screenshot of the current page and embeds it into a log file.</doc>
<msg timestamp="20230516 20:52:27.969" level="INFO" html="true">&lt;/td&gt;&lt;/tr&gt;&lt;tr&gt;&lt;td colspan="3"&gt;&lt;a href="selenium-screenshot-42.png"&gt;&lt;img src="selenium-screenshot-42.png" width="800px"&gt;&lt;/a&gt;</msg>
<status status="PASS" starttime="20230516 20:52:27.652" endtime="20230516 20:52:27.969"/>
</kw>
<status status="PASS" starttime="20230516 20:52:27.482" endtime="20230516 20:52:27.969"/>
</kw>
<kw name="Fechar o navegador" library="amazon_resources" type="TEARDOWN">
<kw name="Capture Page Screenshot" library="SeleniumLibrary">
<doc>Takes a screenshot of the current page and embeds it into a log file.</doc>
<msg timestamp="20230516 20:52:28.323" level="INFO" html="true">&lt;/td&gt;&lt;/tr&gt;&lt;tr&gt;&lt;td colspan="3"&gt;&lt;a href="selenium-screenshot-43.png"&gt;&lt;img src="selenium-screenshot-43.png" width="800px"&gt;&lt;/a&gt;</msg>
<status status="PASS" starttime="20230516 20:52:27.970" endtime="20230516 20:52:28.323"/>
</kw>
<kw name="Close Browser" library="SeleniumLibrary">
<doc>Closes the current browser.</doc>
<status status="PASS" starttime="20230516 20:52:28.323" endtime="20230516 20:52:30.575"/>
</kw>
<status status="PASS" starttime="20230516 20:52:27.970" endtime="20230516 20:52:30.575"/>
</kw>
<doc>esse teste acessa o menu Eletrônicos do site amazon.com.br
e verifica a categoria Áudio e video portáteis</doc>
<tag>categorias</tag>
<tag>Menus</tag>
<status status="PASS" starttime="20230516 20:52:19.027" endtime="20230516 20:52:30.576"/>
</test>
<test id="s1-t6" name="Caso de teste 05 - Categoria &quot;GPS e Acessórios&quot;" line="69">
<kw name="Abrir o navegador" library="amazon_resources" type="SETUP">
<kw name="Open Browser" library="SeleniumLibrary">
<arg>browser=chrome</arg>
<arg>options=add_experimental_option("detach", True)</arg>
<doc>Opens a new browser instance to the optional ``url``.</doc>
<msg timestamp="20230516 20:52:30.580" level="INFO">Opening browser 'chrome' to base url 'None'.</msg>
<status status="PASS" starttime="20230516 20:52:30.580" endtime="20230516 20:52:31.712"/>
</kw>
<kw name="Set Window Size" library="SeleniumLibrary">
<arg>3000</arg>
<arg>1500</arg>
<doc>Sets current windows size to given ``width`` and ``height``.</doc>
<status status="PASS" starttime="20230516 20:52:31.713" endtime="20230516 20:52:31.833"/>
</kw>
<status status="PASS" starttime="20230516 20:52:30.580" endtime="20230516 20:52:31.833"/>
</kw>
<kw name="Acessar a home page do site Amazon.com.br" library="amazon_resources">
<kw name="Go To" library="SeleniumLibrary">
<arg>${URL}</arg>
<doc>Navigates the current browser window to the provided ``url``.</doc>
<msg timestamp="20230516 20:52:31.834" level="INFO">Opening url 'http://www.amazon.com.br/'</msg>
<status status="PASS" starttime="20230516 20:52:31.834" endtime="20230516 20:52:33.935"/>
</kw>
<kw name="Run Keyword And Return Status" library="BuiltIn">
<var>${BARRA_DE_MENUS}</var>
<arg>Element Should Be Visible</arg>
<arg>${BARRA_DE_MENUS}</arg>
<doc>Runs the given keyword with given arguments and returns the status as a Boolean value.</doc>
<kw name="Element Should Be Visible" library="SeleniumLibrary">
<arg>${BARRA_DE_MENUS}</arg>
<doc>Verifies that the element identified by ``locator`` is visible.</doc>
<msg timestamp="20230516 20:52:34.012" level="INFO">Element '//div[@id='nav-xshop']' is displayed.</msg>
<status status="PASS" starttime="20230516 20:52:33.935" endtime="20230516 20:52:34.012"/>
</kw>
<msg timestamp="20230516 20:52:34.012" level="INFO">${BARRA_DE_MENUS} = True</msg>
<status status="PASS" starttime="20230516 20:52:33.935" endtime="20230516 20:52:34.012"/>
</kw>
<kw name="Run Keyword If" library="BuiltIn">
<arg>'${BARRA_DE_MENUS}' == 'False'</arg>
<arg>reload Page</arg>
<doc>Runs the given keyword with the given arguments, if ``condition`` is true.</doc>
<status status="PASS" starttime="20230516 20:52:34.012" endtime="20230516 20:52:34.013"/>
</kw>
<kw name="Capture Page Screenshot" library="SeleniumLibrary">
<doc>Takes a screenshot of the current page and embeds it into a log file.</doc>
<msg timestamp="20230516 20:52:34.352" level="INFO" html="true">&lt;/td&gt;&lt;/tr&gt;&lt;tr&gt;&lt;td colspan="3"&gt;&lt;a href="selenium-screenshot-44.png"&gt;&lt;img src="selenium-screenshot-44.png" width="800px"&gt;&lt;/a&gt;</msg>
<status status="PASS" starttime="20230516 20:52:34.013" endtime="20230516 20:52:34.352"/>
</kw>
<status status="PASS" starttime="20230516 20:52:31.834" endtime="20230516 20:52:34.352"/>
</kw>
<kw name="Verificar se o título da página fica &quot;Amazon.com.br | Tudo pra você, de A a Z.&quot;" library="amazon_resources" sourcename="Verificar se o título da página fica &quot;${TITULO}&quot;">
<kw name="Title Should Be" library="SeleniumLibrary">
<arg>${TITULO}</arg>
<doc>Verifies that the current page title equals ``title``.</doc>
<msg timestamp="20230516 20:52:34.363" level="INFO">Page title is 'Amazon.com.br | Tudo pra você, de A a Z.'.</msg>
<status status="PASS" starttime="20230516 20:52:34.354" endtime="20230516 20:52:34.363"/>
</kw>
<kw name="Capture Page Screenshot" library="SeleniumLibrary">
<doc>Takes a screenshot of the current page and embeds it into a log file.</doc>
<msg timestamp="20230516 20:52:34.668" level="INFO" html="true">&lt;/td&gt;&lt;/tr&gt;&lt;tr&gt;&lt;td colspan="3"&gt;&lt;a href="selenium-screenshot-45.png"&gt;&lt;img src="selenium-screenshot-45.png" width="800px"&gt;&lt;/a&gt;</msg>
<status status="PASS" starttime="20230516 20:52:34.364" endtime="20230516 20:52:34.668"/>
</kw>
<status status="PASS" starttime="20230516 20:52:34.353" endtime="20230516 20:52:34.668"/>
</kw>
<kw name="Entrar no menu &quot;Eletrônicos&quot;" library="amazon_resources">
<kw name="Wait Until Element Is Visible" library="SeleniumLibrary">
<arg>${MENU_ELETRONICOS}</arg>
<doc>Waits until the element ``locator`` is visible.</doc>
<status status="PASS" starttime="20230516 20:52:34.669" endtime="20230516 20:52:34.712"/>
</kw>
<kw name="Click Element" library="SeleniumLibrary">
<arg>${MENU_ELETRONICOS}</arg>
<doc>Click the element identified by ``locator``.</doc>
<msg timestamp="20230516 20:52:34.713" level="INFO">Clicking element '//a[contains(.,'Eletrônicos')]'.</msg>
<status status="PASS" starttime="20230516 20:52:34.712" endtime="20230516 20:52:37.192"/>
</kw>
<kw name="Wait Until Element Is Visible" library="SeleniumLibrary">
<arg>locator=//span[@class='a-size-base a-color-base apb-browse-refinements-indent-1 a-text-bold'][contains(.,'Eletrônicos e Tecnologia')]</arg>
<doc>Waits until the element ``locator`` is visible.</doc>
<status status="PASS" starttime="20230516 20:52:37.192" endtime="20230516 20:52:37.381"/>
</kw>
<kw name="Capture Page Screenshot" library="SeleniumLibrary">
<doc>Takes a screenshot of the current page and embeds it into a log file.</doc>
<msg timestamp="20230516 20:52:37.788" level="INFO" html="true">&lt;/td&gt;&lt;/tr&gt;&lt;tr&gt;&lt;td colspan="3"&gt;&lt;a href="selenium-screenshot-46.png"&gt;&lt;img src="selenium-screenshot-46.png" width="800px"&gt;&lt;/a&gt;</msg>
<status status="PASS" starttime="20230516 20:52:37.382" endtime="20230516 20:52:37.788"/>
</kw>
<status status="PASS" starttime="20230516 20:52:34.669" endtime="20230516 20:52:37.788"/>
</kw>
<kw name="Verificar se aparece a frase &quot;Eletrônicos e Tecnologia&quot;" library="amazon_resources" sourcename="Verificar se aparece a frase &quot;${FRASE}&quot;">
<kw name="Wait Until Page Contains" library="SeleniumLibrary">
<arg>text=${FRASE}</arg>
<doc>Waits until ``text`` appears on the current page.</doc>
<status status="PASS" starttime="20230516 20:52:37.790" endtime="20230516 20:52:37.921"/>
</kw>
<kw name="Wait Until Element Is Visible" library="SeleniumLibrary">
<arg>${HEADER_DEPARTAMENTOS}</arg>
<doc>Waits until the element ``locator`` is visible.</doc>
<status status="PASS" starttime="20230516 20:52:37.921" endtime="20230516 20:52:38.098"/>
</kw>
<kw name="Capture Page Screenshot" library="SeleniumLibrary">
<doc>Takes a screenshot of the current page and embeds it into a log file.</doc>
<msg timestamp="20230516 20:52:38.439" level="INFO" html="true">&lt;/td&gt;&lt;/tr&gt;&lt;tr&gt;&lt;td colspan="3"&gt;&lt;a href="selenium-screenshot-47.png"&gt;&lt;img src="selenium-screenshot-47.png" width="800px"&gt;&lt;/a&gt;</msg>
<status status="PASS" starttime="20230516 20:52:38.098" endtime="20230516 20:52:38.439"/>
</kw>
<status status="PASS" starttime="20230516 20:52:37.789" endtime="20230516 20:52:38.439"/>
</kw>
<kw name="Verificar se o título da página fica &quot;Eletrônicos e Tecnologia | Amazon.com.br&quot;" library="amazon_resources" sourcename="Verificar se o título da página fica &quot;${TITULO}&quot;">
<kw name="Title Should Be" library="SeleniumLibrary">
<arg>${TITULO}</arg>
<doc>Verifies that the current page title equals ``title``.</doc>
<msg timestamp="20230516 20:52:38.472" level="INFO">Page title is 'Eletrônicos e Tecnologia | Amazon.com.br'.</msg>
<status status="PASS" starttime="20230516 20:52:38.440" endtime="20230516 20:52:38.472"/>
</kw>
<kw name="Capture Page Screenshot" library="SeleniumLibrary">
<doc>Takes a screenshot of the current page and embeds it into a log file.</doc>
<msg timestamp="20230516 20:52:38.772" level="INFO" html="true">&lt;/td&gt;&lt;/tr&gt;&lt;tr&gt;&lt;td colspan="3"&gt;&lt;a href="selenium-screenshot-48.png"&gt;&lt;img src="selenium-screenshot-48.png" width="800px"&gt;&lt;/a&gt;</msg>
<status status="PASS" starttime="20230516 20:52:38.472" endtime="20230516 20:52:38.772"/>
</kw>
<status status="PASS" starttime="20230516 20:52:38.439" endtime="20230516 20:52:38.772"/>
</kw>
<kw name="Verificar se aparece a categoria &quot;GPS e Acessórios&quot;" library="amazon_resources" sourcename="Verificar se aparece a categoria &quot;${NOME_CATEGORIA}&quot;">
<kw name="Element Should Be Visible" library="SeleniumLibrary">
<arg>//span[@dir='auto'][contains(.,'${NOME_CATEGORIA}')]</arg>
<doc>Verifies that the element identified by ``locator`` is visible.</doc>
<msg timestamp="20230516 20:52:38.934" level="INFO">Element '//span[@dir='auto'][contains(.,'GPS e Acessórios')]' is displayed.</msg>
<status status="PASS" starttime="20230516 20:52:38.774" endtime="20230516 20:52:38.934"/>
</kw>
<kw name="Capture Page Screenshot" library="SeleniumLibrary">
<doc>Takes a screenshot of the current page and embeds it into a log file.</doc>
<msg timestamp="20230516 20:52:39.282" level="INFO" html="true">&lt;/td&gt;&lt;/tr&gt;&lt;tr&gt;&lt;td colspan="3"&gt;&lt;a href="selenium-screenshot-49.png"&gt;&lt;img src="selenium-screenshot-49.png" width="800px"&gt;&lt;/a&gt;</msg>
<status status="PASS" starttime="20230516 20:52:38.935" endtime="20230516 20:52:39.282"/>
</kw>
<status status="PASS" starttime="20230516 20:52:38.773" endtime="20230516 20:52:39.282"/>
</kw>
<kw name="Fechar o navegador" library="amazon_resources" type="TEARDOWN">
<kw name="Capture Page Screenshot" library="SeleniumLibrary">
<doc>Takes a screenshot of the current page and embeds it into a log file.</doc>
<msg timestamp="20230516 20:52:39.621" level="INFO" html="true">&lt;/td&gt;&lt;/tr&gt;&lt;tr&gt;&lt;td colspan="3"&gt;&lt;a href="selenium-screenshot-50.png"&gt;&lt;img src="selenium-screenshot-50.png" width="800px"&gt;&lt;/a&gt;</msg>
<status status="PASS" starttime="20230516 20:52:39.283" endtime="20230516 20:52:39.622"/>
</kw>
<kw name="Close Browser" library="SeleniumLibrary">
<doc>Closes the current browser.</doc>
<status status="PASS" starttime="20230516 20:52:39.622" endtime="20230516 20:52:41.887"/>
</kw>
<status status="PASS" starttime="20230516 20:52:39.283" endtime="20230516 20:52:41.887"/>
</kw>
<doc>esse teste acessa o menu Eletrônicos do site amazon.com.br
e verifica a categoria GPS e Acessórios</doc>
<tag>categorias</tag>
<tag>Menus</tag>
<status status="PASS" starttime="20230516 20:52:30.578" endtime="20230516 20:52:41.888"/>
</test>
<test id="s1-t7" name="Caso de teste 06 - Categoria &quot;Câmeras e Foto&quot;" line="80">
<kw name="Abrir o navegador" library="amazon_resources" type="SETUP">
<kw name="Open Browser" library="SeleniumLibrary">
<arg>browser=chrome</arg>
<arg>options=add_experimental_option("detach", True)</arg>
<doc>Opens a new browser instance to the optional ``url``.</doc>
<msg timestamp="20230516 20:52:41.891" level="INFO">Opening browser 'chrome' to base url 'None'.</msg>
<status status="PASS" starttime="20230516 20:52:41.890" endtime="20230516 20:52:43.038"/>
</kw>
<kw name="Set Window Size" library="SeleniumLibrary">
<arg>3000</arg>
<arg>1500</arg>
<doc>Sets current windows size to given ``width`` and ``height``.</doc>
<status status="PASS" starttime="20230516 20:52:43.038" endtime="20230516 20:52:43.159"/>
</kw>
<status status="PASS" starttime="20230516 20:52:41.890" endtime="20230516 20:52:43.159"/>
</kw>
<kw name="Acessar a home page do site Amazon.com.br" library="amazon_resources">
<kw name="Go To" library="SeleniumLibrary">
<arg>${URL}</arg>
<doc>Navigates the current browser window to the provided ``url``.</doc>
<msg timestamp="20230516 20:52:43.160" level="INFO">Opening url 'http://www.amazon.com.br/'</msg>
<status status="PASS" starttime="20230516 20:52:43.160" endtime="20230516 20:52:44.961"/>
</kw>
<kw name="Run Keyword And Return Status" library="BuiltIn">
<var>${BARRA_DE_MENUS}</var>
<arg>Element Should Be Visible</arg>
<arg>${BARRA_DE_MENUS}</arg>
<doc>Runs the given keyword with given arguments and returns the status as a Boolean value.</doc>
<kw name="Element Should Be Visible" library="SeleniumLibrary">
<arg>${BARRA_DE_MENUS}</arg>
<doc>Verifies that the element identified by ``locator`` is visible.</doc>
<msg timestamp="20230516 20:52:45.034" level="INFO">Element '//div[@id='nav-xshop']' is displayed.</msg>
<status status="PASS" starttime="20230516 20:52:44.961" endtime="20230516 20:52:45.035"/>
</kw>
<msg timestamp="20230516 20:52:45.035" level="INFO">${BARRA_DE_MENUS} = True</msg>
<status status="PASS" starttime="20230516 20:52:44.961" endtime="20230516 20:52:45.035"/>
</kw>
<kw name="Run Keyword If" library="BuiltIn">
<arg>'${BARRA_DE_MENUS}' == 'False'</arg>
<arg>reload Page</arg>
<doc>Runs the given keyword with the given arguments, if ``condition`` is true.</doc>
<status status="PASS" starttime="20230516 20:52:45.035" endtime="20230516 20:52:45.035"/>
</kw>
<kw name="Capture Page Screenshot" library="SeleniumLibrary">
<doc>Takes a screenshot of the current page and embeds it into a log file.</doc>
<msg timestamp="20230516 20:52:45.386" level="INFO" html="true">&lt;/td&gt;&lt;/tr&gt;&lt;tr&gt;&lt;td colspan="3"&gt;&lt;a href="selenium-screenshot-51.png"&gt;&lt;img src="selenium-screenshot-51.png" width="800px"&gt;&lt;/a&gt;</msg>
<status status="PASS" starttime="20230516 20:52:45.036" endtime="20230516 20:52:45.386"/>
</kw>
<status status="PASS" starttime="20230516 20:52:43.159" endtime="20230516 20:52:45.386"/>
</kw>
<kw name="Verificar se o título da página fica &quot;Amazon.com.br | Tudo pra você, de A a Z.&quot;" library="amazon_resources" sourcename="Verificar se o título da página fica &quot;${TITULO}&quot;">
<kw name="Title Should Be" library="SeleniumLibrary">
<arg>${TITULO}</arg>
<doc>Verifies that the current page title equals ``title``.</doc>
<msg timestamp="20230516 20:52:45.397" level="INFO">Page title is 'Amazon.com.br | Tudo pra você, de A a Z.'.</msg>
<status status="PASS" starttime="20230516 20:52:45.387" endtime="20230516 20:52:45.398"/>
</kw>
<kw name="Capture Page Screenshot" library="SeleniumLibrary">
<doc>Takes a screenshot of the current page and embeds it into a log file.</doc>
<msg timestamp="20230516 20:52:45.698" level="INFO" html="true">&lt;/td&gt;&lt;/tr&gt;&lt;tr&gt;&lt;td colspan="3"&gt;&lt;a href="selenium-screenshot-52.png"&gt;&lt;img src="selenium-screenshot-52.png" width="800px"&gt;&lt;/a&gt;</msg>
<status status="PASS" starttime="20230516 20:52:45.398" endtime="20230516 20:52:45.698"/>
</kw>
<status status="PASS" starttime="20230516 20:52:45.387" endtime="20230516 20:52:45.698"/>
</kw>
<kw name="Entrar no menu &quot;Eletrônicos&quot;" library="amazon_resources">
<kw name="Wait Until Element Is Visible" library="SeleniumLibrary">
<arg>${MENU_ELETRONICOS}</arg>
<doc>Waits until the element ``locator`` is visible.</doc>
<status status="PASS" starttime="20230516 20:52:45.699" endtime="20230516 20:52:45.737"/>
</kw>
<kw name="Click Element" library="SeleniumLibrary">
<arg>${MENU_ELETRONICOS}</arg>
<doc>Click the element identified by ``locator``.</doc>
<msg timestamp="20230516 20:52:45.738" level="INFO">Clicking element '//a[contains(.,'Eletrônicos')]'.</msg>
<status status="PASS" starttime="20230516 20:52:45.737" endtime="20230516 20:52:48.053"/>
</kw>
<kw name="Wait Until Element Is Visible" library="SeleniumLibrary">
<arg>locator=//span[@class='a-size-base a-color-base apb-browse-refinements-indent-1 a-text-bold'][contains(.,'Eletrônicos e Tecnologia')]</arg>
<doc>Waits until the element ``locator`` is visible.</doc>
<status status="PASS" starttime="20230516 20:52:48.053" endtime="20230516 20:52:48.232"/>
</kw>
<kw name="Capture Page Screenshot" library="SeleniumLibrary">
<doc>Takes a screenshot of the current page and embeds it into a log file.</doc>
<msg timestamp="20230516 20:52:48.608" level="INFO" html="true">&lt;/td&gt;&lt;/tr&gt;&lt;tr&gt;&lt;td colspan="3"&gt;&lt;a href="selenium-screenshot-53.png"&gt;&lt;img src="selenium-screenshot-53.png" width="800px"&gt;&lt;/a&gt;</msg>
<status status="PASS" starttime="20230516 20:52:48.233" endtime="20230516 20:52:48.608"/>
</kw>
<status status="PASS" starttime="20230516 20:52:45.699" endtime="20230516 20:52:48.608"/>
</kw>
<kw name="Verificar se aparece a frase &quot;Eletrônicos e Tecnologia&quot;" library="amazon_resources" sourcename="Verificar se aparece a frase &quot;${FRASE}&quot;">
<kw name="Wait Until Page Contains" library="SeleniumLibrary">
<arg>text=${FRASE}</arg>
<doc>Waits until ``text`` appears on the current page.</doc>
<status status="PASS" starttime="20230516 20:52:48.610" endtime="20230516 20:52:48.755"/>
</kw>
<kw name="Wait Until Element Is Visible" library="SeleniumLibrary">
<arg>${HEADER_DEPARTAMENTOS}</arg>
<doc>Waits until the element ``locator`` is visible.</doc>
<status status="PASS" starttime="20230516 20:52:48.755" endtime="20230516 20:52:48.932"/>
</kw>
<kw name="Capture Page Screenshot" library="SeleniumLibrary">
<doc>Takes a screenshot of the current page and embeds it into a log file.</doc>
<msg timestamp="20230516 20:52:49.220" level="INFO" html="true">&lt;/td&gt;&lt;/tr&gt;&lt;tr&gt;&lt;td colspan="3"&gt;&lt;a href="selenium-screenshot-54.png"&gt;&lt;img src="selenium-screenshot-54.png" width="800px"&gt;&lt;/a&gt;</msg>
<status status="PASS" starttime="20230516 20:52:48.932" endtime="20230516 20:52:49.220"/>
</kw>
<status status="PASS" starttime="20230516 20:52:48.609" endtime="20230516 20:52:49.220"/>
</kw>
<kw name="Verificar se o título da página fica &quot;Eletrônicos e Tecnologia | Amazon.com.br&quot;" library="amazon_resources" sourcename="Verificar se o título da página fica &quot;${TITULO}&quot;">
<kw name="Title Should Be" library="SeleniumLibrary">
<arg>${TITULO}</arg>
<doc>Verifies that the current page title equals ``title``.</doc>
<msg timestamp="20230516 20:52:49.307" level="INFO">Page title is 'Eletrônicos e Tecnologia | Amazon.com.br'.</msg>
<status status="PASS" starttime="20230516 20:52:49.222" endtime="20230516 20:52:49.308"/>
</kw>
<kw name="Capture Page Screenshot" library="SeleniumLibrary">
<doc>Takes a screenshot of the current page and embeds it into a log file.</doc>
<msg timestamp="20230516 20:52:49.630" level="INFO" html="true">&lt;/td&gt;&lt;/tr&gt;&lt;tr&gt;&lt;td colspan="3"&gt;&lt;a href="selenium-screenshot-55.png"&gt;&lt;img src="selenium-screenshot-55.png" width="800px"&gt;&lt;/a&gt;</msg>
<status status="PASS" starttime="20230516 20:52:49.308" endtime="20230516 20:52:49.630"/>
</kw>
<status status="PASS" starttime="20230516 20:52:49.222" endtime="20230516 20:52:49.630"/>
</kw>
<kw name="Verificar se aparece a categoria &quot;Câmeras e Foto&quot;" library="amazon_resources" sourcename="Verificar se aparece a categoria &quot;${NOME_CATEGORIA}&quot;">
<kw name="Element Should Be Visible" library="SeleniumLibrary">
<arg>//span[@dir='auto'][contains(.,'${NOME_CATEGORIA}')]</arg>
<doc>Verifies that the element identified by ``locator`` is visible.</doc>
<msg timestamp="20230516 20:52:49.750" level="INFO">Element '//span[@dir='auto'][contains(.,'Câmeras e Foto')]' is displayed.</msg>
<status status="PASS" starttime="20230516 20:52:49.631" endtime="20230516 20:52:49.750"/>
</kw>
<kw name="Capture Page Screenshot" library="SeleniumLibrary">
<doc>Takes a screenshot of the current page and embeds it into a log file.</doc>
<msg timestamp="20230516 20:52:50.093" level="INFO" html="true">&lt;/td&gt;&lt;/tr&gt;&lt;tr&gt;&lt;td colspan="3"&gt;&lt;a href="selenium-screenshot-56.png"&gt;&lt;img src="selenium-screenshot-56.png" width="800px"&gt;&lt;/a&gt;</msg>
<status status="PASS" starttime="20230516 20:52:49.751" endtime="20230516 20:52:50.093"/>
</kw>
<status status="PASS" starttime="20230516 20:52:49.631" endtime="20230516 20:52:50.094"/>
</kw>
<kw name="Fechar o navegador" library="amazon_resources" type="TEARDOWN">
<kw name="Capture Page Screenshot" library="SeleniumLibrary">
<doc>Takes a screenshot of the current page and embeds it into a log file.</doc>
<msg timestamp="20230516 20:52:50.417" level="INFO" html="true">&lt;/td&gt;&lt;/tr&gt;&lt;tr&gt;&lt;td colspan="3"&gt;&lt;a href="selenium-screenshot-57.png"&gt;&lt;img src="selenium-screenshot-57.png" width="800px"&gt;&lt;/a&gt;</msg>
<status status="PASS" starttime="20230516 20:52:50.095" endtime="20230516 20:52:50.417"/>
</kw>
<kw name="Close Browser" library="SeleniumLibrary">
<doc>Closes the current browser.</doc>
<status status="PASS" starttime="20230516 20:52:50.417" endtime="20230516 20:52:52.656"/>
</kw>
<status status="PASS" starttime="20230516 20:52:50.095" endtime="20230516 20:52:52.656"/>
</kw>
<doc>esse teste acessa o menu Eletrônicos do site amazon.com.br
e verifica a categoria Câmeras e Foto</doc>
<tag>categorias</tag>
<tag>Menus</tag>
<status status="PASS" starttime="20230516 20:52:41.889" endtime="20230516 20:52:52.657"/>
</test>
<test id="s1-t8" name="Caso de teste 07 - Categoria &quot;Tablets&quot;" line="92">
<kw name="Abrir o navegador" library="amazon_resources" type="SETUP">
<kw name="Open Browser" library="SeleniumLibrary">
<arg>browser=chrome</arg>
<arg>options=add_experimental_option("detach", True)</arg>
<doc>Opens a new browser instance to the optional ``url``.</doc>
<msg timestamp="20230516 20:52:52.661" level="INFO">Opening browser 'chrome' to base url 'None'.</msg>
<status status="PASS" starttime="20230516 20:52:52.660" endtime="20230516 20:52:53.747"/>
</kw>
<kw name="Set Window Size" library="SeleniumLibrary">
<arg>3000</arg>
<arg>1500</arg>
<doc>Sets current windows size to given ``width`` and ``height``.</doc>
<status status="PASS" starttime="20230516 20:52:53.747" endtime="20230516 20:52:53.877"/>
</kw>
<status status="PASS" starttime="20230516 20:52:52.659" endtime="20230516 20:52:53.877"/>
</kw>
<kw name="Acessar a home page do site Amazon.com.br" library="amazon_resources">
<kw name="Go To" library="SeleniumLibrary">
<arg>${URL}</arg>
<doc>Navigates the current browser window to the provided ``url``.</doc>
<msg timestamp="20230516 20:52:53.878" level="INFO">Opening url 'http://www.amazon.com.br/'</msg>
<status status="PASS" starttime="20230516 20:52:53.878" endtime="20230516 20:52:56.106"/>
</kw>
<kw name="Run Keyword And Return Status" library="BuiltIn">
<var>${BARRA_DE_MENUS}</var>
<arg>Element Should Be Visible</arg>
<arg>${BARRA_DE_MENUS}</arg>
<doc>Runs the given keyword with given arguments and returns the status as a Boolean value.</doc>
<kw name="Element Should Be Visible" library="SeleniumLibrary">
<arg>${BARRA_DE_MENUS}</arg>
<doc>Verifies that the element identified by ``locator`` is visible.</doc>
<msg timestamp="20230516 20:52:56.178" level="INFO">Element '//div[@id='nav-xshop']' is displayed.</msg>
<status status="PASS" starttime="20230516 20:52:56.107" endtime="20230516 20:52:56.179"/>
</kw>
<msg timestamp="20230516 20:52:56.179" level="INFO">${BARRA_DE_MENUS} = True</msg>
<status status="PASS" starttime="20230516 20:52:56.106" endtime="20230516 20:52:56.179"/>
</kw>
<kw name="Run Keyword If" library="BuiltIn">
<arg>'${BARRA_DE_MENUS}' == 'False'</arg>
<arg>reload Page</arg>
<doc>Runs the given keyword with the given arguments, if ``condition`` is true.</doc>
<status status="PASS" starttime="20230516 20:52:56.179" endtime="20230516 20:52:56.179"/>
</kw>
<kw name="Capture Page Screenshot" library="SeleniumLibrary">
<doc>Takes a screenshot of the current page and embeds it into a log file.</doc>
<msg timestamp="20230516 20:52:56.564" level="INFO" html="true">&lt;/td&gt;&lt;/tr&gt;&lt;tr&gt;&lt;td colspan="3"&gt;&lt;a href="selenium-screenshot-58.png"&gt;&lt;img src="selenium-screenshot-58.png" width="800px"&gt;&lt;/a&gt;</msg>
<status status="PASS" starttime="20230516 20:52:56.179" endtime="20230516 20:52:56.564"/>
</kw>
<status status="PASS" starttime="20230516 20:52:53.878" endtime="20230516 20:52:56.564"/>
</kw>
<kw name="Verificar se o título da página fica &quot;Amazon.com.br | Tudo pra você, de A a Z.&quot;" library="amazon_resources" sourcename="Verificar se o título da página fica &quot;${TITULO}&quot;">
<kw name="Title Should Be" library="SeleniumLibrary">
<arg>${TITULO}</arg>
<doc>Verifies that the current page title equals ``title``.</doc>
<msg timestamp="20230516 20:52:56.574" level="INFO">Page title is 'Amazon.com.br | Tudo pra você, de A a Z.'.</msg>
<status status="PASS" starttime="20230516 20:52:56.566" endtime="20230516 20:52:56.574"/>
</kw>
<kw name="Capture Page Screenshot" library="SeleniumLibrary">
<doc>Takes a screenshot of the current page and embeds it into a log file.</doc>
<msg timestamp="20230516 20:52:56.873" level="INFO" html="true">&lt;/td&gt;&lt;/tr&gt;&lt;tr&gt;&lt;td colspan="3"&gt;&lt;a href="selenium-screenshot-59.png"&gt;&lt;img src="selenium-screenshot-59.png" width="800px"&gt;&lt;/a&gt;</msg>
<status status="PASS" starttime="20230516 20:52:56.574" endtime="20230516 20:52:56.873"/>
</kw>
<status status="PASS" starttime="20230516 20:52:56.565" endtime="20230516 20:52:56.873"/>
</kw>
<kw name="Entrar no menu &quot;Eletrônicos&quot;" library="amazon_resources">
<kw name="Wait Until Element Is Visible" library="SeleniumLibrary">
<arg>${MENU_ELETRONICOS}</arg>
<doc>Waits until the element ``locator`` is visible.</doc>
<status status="PASS" starttime="20230516 20:52:56.874" endtime="20230516 20:52:56.910"/>
</kw>
<kw name="Click Element" library="SeleniumLibrary">
<arg>${MENU_ELETRONICOS}</arg>
<doc>Click the element identified by ``locator``.</doc>
<msg timestamp="20230516 20:52:56.911" level="INFO">Clicking element '//a[contains(.,'Eletrônicos')]'.</msg>
<status status="PASS" starttime="20230516 20:52:56.910" endtime="20230516 20:52:59.553"/>
</kw>
<kw name="Wait Until Element Is Visible" library="SeleniumLibrary">
<arg>locator=//span[@class='a-size-base a-color-base apb-browse-refinements-indent-1 a-text-bold'][contains(.,'Eletrônicos e Tecnologia')]</arg>
<doc>Waits until the element ``locator`` is visible.</doc>
<status status="PASS" starttime="20230516 20:52:59.553" endtime="20230516 20:52:59.800"/>
</kw>
<kw name="Capture Page Screenshot" library="SeleniumLibrary">
<doc>Takes a screenshot of the current page and embeds it into a log file.</doc>
<msg timestamp="20230516 20:53:00.155" level="INFO" html="true">&lt;/td&gt;&lt;/tr&gt;&lt;tr&gt;&lt;td colspan="3"&gt;&lt;a href="selenium-screenshot-60.png"&gt;&lt;img src="selenium-screenshot-60.png" width="800px"&gt;&lt;/a&gt;</msg>
<status status="PASS" starttime="20230516 20:52:59.800" endtime="20230516 20:53:00.155"/>
</kw>
<status status="PASS" starttime="20230516 20:52:56.874" endtime="20230516 20:53:00.155"/>
</kw>
<kw name="Verificar se aparece a frase &quot;Eletrônicos e Tecnologia&quot;" library="amazon_resources" sourcename="Verificar se aparece a frase &quot;${FRASE}&quot;">
<kw name="Wait Until Page Contains" library="SeleniumLibrary">
<arg>text=${FRASE}</arg>
<doc>Waits until ``text`` appears on the current page.</doc>
<status status="PASS" starttime="20230516 20:53:00.156" endtime="20230516 20:53:00.264"/>
</kw>
<kw name="Wait Until Element Is Visible" library="SeleniumLibrary">
<arg>${HEADER_DEPARTAMENTOS}</arg>
<doc>Waits until the element ``locator`` is visible.</doc>
<status status="PASS" starttime="20230516 20:53:00.264" endtime="20230516 20:53:00.407"/>
</kw>
<kw name="Capture Page Screenshot" library="SeleniumLibrary">
<doc>Takes a screenshot of the current page and embeds it into a log file.</doc>
<msg timestamp="20230516 20:53:00.733" level="INFO" html="true">&lt;/td&gt;&lt;/tr&gt;&lt;tr&gt;&lt;td colspan="3"&gt;&lt;a href="selenium-screenshot-61.png"&gt;&lt;img src="selenium-screenshot-61.png" width="800px"&gt;&lt;/a&gt;</msg>
<status status="PASS" starttime="20230516 20:53:00.407" endtime="20230516 20:53:00.733"/>
</kw>
<status status="PASS" starttime="20230516 20:53:00.156" endtime="20230516 20:53:00.733"/>
</kw>
<kw name="Verificar se o título da página fica &quot;Eletrônicos e Tecnologia | Amazon.com.br&quot;" library="amazon_resources" sourcename="Verificar se o título da página fica &quot;${TITULO}&quot;">
<kw name="Title Should Be" library="SeleniumLibrary">
<arg>${TITULO}</arg>
<doc>Verifies that the current page title equals ``title``.</doc>
<msg timestamp="20230516 20:53:00.774" level="INFO">Page title is 'Eletrônicos e Tecnologia | Amazon.com.br'.</msg>
<status status="PASS" starttime="20230516 20:53:00.735" endtime="20230516 20:53:00.774"/>
</kw>
<kw name="Capture Page Screenshot" library="SeleniumLibrary">
<doc>Takes a screenshot of the current page and embeds it into a log file.</doc>
[...]
</kw>
<kw name="Run Keyword And Return Status" library="BuiltIn">
<var>${BARRA_DE_MENUS}</var>
<arg>Element Should Be Visible</arg>
<arg>${BARRA_DE_MENUS}</arg>
<doc>Runs the given keyword with given arguments and returns the status as a Boolean value.</doc>
<kw name="Element Should Be Visible" library="SeleniumLibrary">
<arg>${BARRA_DE_MENUS}</arg>
<doc>Verifies that the element identified by ``locator`` is visible.</doc>
<msg timestamp="20230516 20:53:41.197" level="INFO">Element '//div[@id='nav-xshop']' is displayed.</msg>
<status status="PASS" starttime="20230516 20:53:41.128" endtime="20230516 20:53:41.197"/>
</kw>
<msg timestamp="20230516 20:53:41.197" level="INFO">${BARRA_DE_MENUS} = True</msg>
<status status="PASS" starttime="20230516 20:53:41.128" endtime="20230516 20:53:41.197"/>
</kw>
<kw name="Run Keyword If" library="BuiltIn">
<arg>'${BARRA_DE_MENUS}' == 'False'</arg>
<arg>reload Page</arg>
<doc>Runs the given keyword with the given arguments, if ``condition`` is true.</doc>
<status status="PASS" starttime="20230516 20:53:41.197" endtime="20230516 20:53:41.197"/>
</kw>
<kw name="Capture Page Screenshot" library="SeleniumLibrary">
<doc>Takes a screenshot of the current page and embeds it into a log file.</doc>
<msg timestamp="20230516 20:53:41.593" level="INFO" html="true">&lt;/td&gt;&lt;/tr&gt;&lt;tr&gt;&lt;td colspan="3"&gt;&lt;a href="selenium-screenshot-86.png"&gt;&lt;img src="selenium-screenshot-86.png" width="800px"&gt;&lt;/a&gt;</msg>
<status status="PASS" starttime="20230516 20:53:41.198" endtime="20230516 20:53:41.593"/>
</kw>
<status status="PASS" starttime="20230516 20:53:38.976" endtime="20230516 20:53:41.594"/>
</kw>
<kw name="Verificar se o título da página fica &quot;Amazon.com.br | Tudo pra você, de A a Z.&quot;" library="amazon_resources" sourcename="Verificar se o título da página fica &quot;${TITULO}&quot;">
<kw name="Title Should Be" library="SeleniumLibrary">
<arg>${TITULO}</arg>
<doc>Verifies that the current page title equals ``title``.</doc>
<msg timestamp="20230516 20:53:41.601" level="INFO">Page title is 'Amazon.com.br | Tudo pra você, de A a Z.'.</msg>
<status status="PASS" starttime="20230516 20:53:41.594" endtime="20230516 20:53:41.601"/>
</kw>
<kw name="Capture Page Screenshot" library="SeleniumLibrary">
<doc>Takes a screenshot of the current page and embeds it into a log file.</doc>
<msg timestamp="20230516 20:53:41.917" level="INFO" html="true">&lt;/td&gt;&lt;/tr&gt;&lt;tr&gt;&lt;td colspan="3"&gt;&lt;a href="selenium-screenshot-87.png"&gt;&lt;img src="selenium-screenshot-87.png" width="800px"&gt;&lt;/a&gt;</msg>
<status status="PASS" starttime="20230516 20:53:41.601" endtime="20230516 20:53:41.917"/>
</kw>
<status status="PASS" starttime="20230516 20:53:41.594" endtime="20230516 20:53:41.917"/>
</kw>
<kw name="Entrar no menu &quot;Eletrônicos&quot;" library="amazon_resources">
<kw name="Wait Until Element Is Visible" library="SeleniumLibrary">
<arg>${MENU_ELETRONICOS}</arg>
<doc>Waits until the element ``locator`` is visible.</doc>
<status status="PASS" starttime="20230516 20:53:41.919" endtime="20230516 20:53:41.966"/>
</kw>
<kw name="Click Element" library="SeleniumLibrary">
<arg>${MENU_ELETRONICOS}</arg>
<doc>Click the element identified by ``locator``.</doc>
<msg timestamp="20230516 20:53:41.967" level="INFO">Clicking element '//a[contains(.,'Eletrônicos')]'.</msg>
<status status="PASS" starttime="20230516 20:53:41.966" endtime="20230516 20:53:44.330"/>
</kw>
<kw name="Wait Until Element Is Visible" library="SeleniumLibrary">
<arg>locator=//span[@class='a-size-base a-color-base apb-browse-refinements-indent-1 a-text-bold'][contains(.,'Eletrônicos e Tecnologia')]</arg>
<doc>Waits until the element ``locator`` is visible.</doc>
<status status="PASS" starttime="20230516 20:53:44.331" endtime="20230516 20:53:44.532"/>
</kw>
<kw name="Capture Page Screenshot" library="SeleniumLibrary">
<doc>Takes a screenshot of the current page and embeds it into a log file.</doc>
<msg timestamp="20230516 20:53:44.932" level="INFO" html="true">&lt;/td&gt;&lt;/tr&gt;&lt;tr&gt;&lt;td colspan="3"&gt;&lt;a href="selenium-screenshot-88.png"&gt;&lt;img src="selenium-screenshot-88.png" width="800px"&gt;&lt;/a&gt;</msg>
<status status="PASS" starttime="20230516 20:53:44.532" endtime="20230516 20:53:44.932"/>
</kw>
<status status="PASS" starttime="20230516 20:53:41.918" endtime="20230516 20:53:44.932"/>
</kw>
<kw name="Verificar se aparece a frase &quot;Eletrônicos e Tecnologia&quot;" library="amazon_resources" sourcename="Verificar se aparece a frase &quot;${FRASE}&quot;">
<kw name="Wait Until Page Contains" library="SeleniumLibrary">
<arg>text=${FRASE}</arg>
<doc>Waits until ``text`` appears on the current page.</doc>
<status status="PASS" starttime="20230516 20:53:44.934" endtime="20230516 20:53:45.055"/>
</kw>
<kw name="Wait Until Element Is Visible" library="SeleniumLibrary">
<arg>${HEADER_DEPARTAMENTOS}</arg>
<doc>Waits until the element ``locator`` is visible.</doc>
<status status="PASS" starttime="20230516 20:53:45.055" endtime="20230516 20:53:45.199"/>
</kw>
<kw name="Capture Page Screenshot" library="SeleniumLibrary">
<doc>Takes a screenshot of the current page and embeds it into a log file.</doc>
<msg timestamp="20230516 20:53:45.532" level="INFO" html="true">&lt;/td&gt;&lt;/tr&gt;&lt;tr&gt;&lt;td colspan="3"&gt;&lt;a href="selenium-screenshot-89.png"&gt;&lt;img src="selenium-screenshot-89.png" width="800px"&gt;&lt;/a&gt;</msg>
<status status="PASS" starttime="20230516 20:53:45.199" endtime="20230516 20:53:45.532"/>
</kw>
<status status="PASS" starttime="20230516 20:53:44.933" endtime="20230516 20:53:45.533"/>
</kw>
<kw name="Verificar se o título da página fica &quot;Eletrônicos e Tecnologia | Amazon.com.br&quot;" library="amazon_resources" sourcename="Verificar se o título da página fica &quot;${TITULO}&quot;">
<kw name="Title Should Be" library="SeleniumLibrary">
<arg>${TITULO}</arg>
<doc>Verifies that the current page title equals ``title``.</doc>
<msg timestamp="20230516 20:53:45.595" level="INFO">Page title is 'Eletrônicos e Tecnologia | Amazon.com.br'.</msg>
<status status="PASS" starttime="20230516 20:53:45.534" endtime="20230516 20:53:45.595"/>
</kw>
<kw name="Capture Page Screenshot" library="SeleniumLibrary">
<doc>Takes a screenshot of the current page and embeds it into a log file.</doc>
<msg timestamp="20230516 20:53:45.901" level="INFO" html="true">&lt;/td&gt;&lt;/tr&gt;&lt;tr&gt;&lt;td colspan="3"&gt;&lt;a href="selenium-screenshot-90.png"&gt;&lt;img src="selenium-screenshot-90.png" width="800px"&gt;&lt;/a&gt;</msg>
<status status="PASS" starttime="20230516 20:53:45.595" endtime="20230516 20:53:45.901"/>
</kw>
<status status="PASS" starttime="20230516 20:53:45.533" endtime="20230516 20:53:45.901"/>
</kw>
<kw name="Verificar se aparece a categoria &quot;Auscultadores, Auriculares e Acessórios&quot;" library="amazon_resources" sourcename="Verificar se aparece a categoria &quot;${NOME_CATEGORIA}&quot;">
<kw name="Element Should Be Visible" library="SeleniumLibrary">
<arg>//span[@dir='auto'][contains(.,'${NOME_CATEGORIA}')]</arg>
<doc>Verifies that the element identified by ``locator`` is visible.</doc>
<msg timestamp="20230516 20:53:46.117" level="INFO">Element '//span[@dir='auto'][contains(.,'Auscultadores, Auriculares e Acessórios')]' is displayed.</msg>
<status status="PASS" starttime="20230516 20:53:45.903" endtime="20230516 20:53:46.117"/>
</kw>
<kw name="Capture Page Screenshot" library="SeleniumLibrary">
<doc>Takes a screenshot of the current page and embeds it into a log file.</doc>
<msg timestamp="20230516 20:53:46.506" level="INFO" html="true">&lt;/td&gt;&lt;/tr&gt;&lt;tr&gt;&lt;td colspan="3"&gt;&lt;a href="selenium-screenshot-91.png"&gt;&lt;img src="selenium-screenshot-91.png" width="800px"&gt;&lt;/a&gt;</msg>
<status status="PASS" starttime="20230516 20:53:46.118" endtime="20230516 20:53:46.506"/>
</kw>
<status status="PASS" starttime="20230516 20:53:45.902" endtime="20230516 20:53:46.506"/>
</kw>
<kw name="Fechar o navegador" library="amazon_resources" type="TEARDOWN">
<kw name="Capture Page Screenshot" library="SeleniumLibrary">
<doc>Takes a screenshot of the current page and embeds it into a log file.</doc>
<msg timestamp="20230516 20:53:46.865" level="INFO" html="true">&lt;/td&gt;&lt;/tr&gt;&lt;tr&gt;&lt;td colspan="3"&gt;&lt;a href="selenium-screenshot-92.png"&gt;&lt;img src="selenium-screenshot-92.png" width="800px"&gt;&lt;/a&gt;</msg>
<status status="PASS" starttime="20230516 20:53:46.508" endtime="20230516 20:53:46.865"/>
</kw>
<kw name="Close Browser" library="SeleniumLibrary">
<doc>Closes the current browser.</doc>
<status status="PASS" starttime="20230516 20:53:46.866" endtime="20230516 20:53:49.130"/>
</kw>
<status status="PASS" starttime="20230516 20:53:46.507" endtime="20230516 20:53:49.130"/>
</kw>
<doc>esse teste acessa o menu Eletrônicos do site amazon.com.br
e verifica a categoria Auscultadores, Auriculares e Acessórios</doc>
<tag>categorias</tag>
<tag>Menus</tag>
<status status="PASS" starttime="20230516 20:53:37.722" endtime="20230516 20:53:49.131"/>
</test>
<test id="s1-t13" name="Caso de teste 12 - Categoria &quot;e-Readers e Acessórios&quot;" line="152">
<kw name="Abrir o navegador" library="amazon_resources" type="SETUP">
<kw name="Open Browser" library="SeleniumLibrary">
<arg>browser=chrome</arg>
<arg>options=add_experimental_option("detach", True)</arg>
<doc>Opens a new browser instance to the optional ``url``.</doc>
<msg timestamp="20230516 20:53:49.136" level="INFO">Opening browser 'chrome' to base url 'None'.</msg>
<status status="PASS" starttime="20230516 20:53:49.135" endtime="20230516 20:53:50.275"/>
</kw>
<kw name="Set Window Size" library="SeleniumLibrary">
<arg>3000</arg>
<arg>1500</arg>
<doc>Sets current windows size to given ``width`` and ``height``.</doc>
<status status="PASS" starttime="20230516 20:53:50.275" endtime="20230516 20:53:50.401"/>
</kw>
<status status="PASS" starttime="20230516 20:53:49.135" endtime="20230516 20:53:50.401"/>
</kw>
<kw name="Acessar a home page do site Amazon.com.br" library="amazon_resources">
<kw name="Go To" library="SeleniumLibrary">
<arg>${URL}</arg>
<doc>Navigates the current browser window to the provided ``url``.</doc>
<msg timestamp="20230516 20:53:50.402" level="INFO">Opening url 'http://www.amazon.com.br/'</msg>
<status status="PASS" starttime="20230516 20:53:50.402" endtime="20230516 20:53:52.479"/>
</kw>
<kw name="Run Keyword And Return Status" library="BuiltIn">
<var>${BARRA_DE_MENUS}</var>
<arg>Element Should Be Visible</arg>
<arg>${BARRA_DE_MENUS}</arg>
<doc>Runs the given keyword with given arguments and returns the status as a Boolean value.</doc>
<kw name="Element Should Be Visible" library="SeleniumLibrary">
<arg>${BARRA_DE_MENUS}</arg>
<doc>Verifies that the element identified by ``locator`` is visible.</doc>
<msg timestamp="20230516 20:53:52.544" level="INFO">Element '//div[@id='nav-xshop']' is displayed.</msg>
<status status="PASS" starttime="20230516 20:53:52.480" endtime="20230516 20:53:52.544"/>
</kw>
<msg timestamp="20230516 20:53:52.544" level="INFO">${BARRA_DE_MENUS} = True</msg>
<status status="PASS" starttime="20230516 20:53:52.479" endtime="20230516 20:53:52.544"/>
</kw>
<kw name="Run Keyword If" library="BuiltIn">
<arg>'${BARRA_DE_MENUS}' == 'False'</arg>
<arg>reload Page</arg>
<doc>Runs the given keyword with the given arguments, if ``condition`` is true.</doc>
<status status="PASS" starttime="20230516 20:53:52.545" endtime="20230516 20:53:52.545"/>
</kw>
<kw name="Capture Page Screenshot" library="SeleniumLibrary">
<doc>Takes a screenshot of the current page and embeds it into a log file.</doc>
<msg timestamp="20230516 20:53:52.895" level="INFO" html="true">&lt;/td&gt;&lt;/tr&gt;&lt;tr&gt;&lt;td colspan="3"&gt;&lt;a href="selenium-screenshot-93.png"&gt;&lt;img src="selenium-screenshot-93.png" width="800px"&gt;&lt;/a&gt;</msg>
<status status="PASS" starttime="20230516 20:53:52.545" endtime="20230516 20:53:52.895"/>
</kw>
<status status="PASS" starttime="20230516 20:53:50.402" endtime="20230516 20:53:52.895"/>
</kw>
<kw name="Verificar se o título da página fica &quot;Amazon.com.br | Tudo pra você, de A a Z.&quot;" library="amazon_resources" sourcename="Verificar se o título da página fica &quot;${TITULO}&quot;">
<kw name="Title Should Be" library="SeleniumLibrary">
<arg>${TITULO}</arg>
<doc>Verifies that the current page title equals ``title``.</doc>
<msg timestamp="20230516 20:53:52.904" level="INFO">Page title is 'Amazon.com.br | Tudo pra você, de A a Z.'.</msg>
<status status="PASS" starttime="20230516 20:53:52.897" endtime="20230516 20:53:52.904"/>
</kw>
<kw name="Capture Page Screenshot" library="SeleniumLibrary">
<doc>Takes a screenshot of the current page and embeds it into a log file.</doc>
<msg timestamp="20230516 20:53:53.221" level="INFO" html="true">&lt;/td&gt;&lt;/tr&gt;&lt;tr&gt;&lt;td colspan="3"&gt;&lt;a href="selenium-screenshot-94.png"&gt;&lt;img src="selenium-screenshot-94.png" width="800px"&gt;&lt;/a&gt;</msg>
<status status="PASS" starttime="20230516 20:53:52.905" endtime="20230516 20:53:53.221"/>
</kw>
<status status="PASS" starttime="20230516 20:53:52.896" endtime="20230516 20:53:53.221"/>
</kw>
<kw name="Entrar no menu &quot;Eletrônicos&quot;" library="amazon_resources">
<kw name="Wait Until Element Is Visible" library="SeleniumLibrary">
<arg>${MENU_ELETRONICOS}</arg>
<doc>Waits until the element ``locator`` is visible.</doc>
<status status="PASS" starttime="20230516 20:53:53.222" endtime="20230516 20:53:53.268"/>
</kw>
<kw name="Click Element" library="SeleniumLibrary">
<arg>${MENU_ELETRONICOS}</arg>
<doc>Click the element identified by ``locator``.</doc>
<msg timestamp="20230516 20:53:53.269" level="INFO">Clicking element '//a[contains(.,'Eletrônicos')]'.</msg>
<status status="PASS" starttime="20230516 20:53:53.268" endtime="20230516 20:53:55.900"/>
</kw>
<kw name="Wait Until Element Is Visible" library="SeleniumLibrary">
<arg>locator=//span[@class='a-size-base a-color-base apb-browse-refinements-indent-1 a-text-bold'][contains(.,'Eletrônicos e Tecnologia')]</arg>
<doc>Waits until the element ``locator`` is visible.</doc>
<status status="PASS" starttime="20230516 20:53:55.900" endtime="20230516 20:53:56.091"/>
</kw>
<kw name="Capture Page Screenshot" library="SeleniumLibrary">
<doc>Takes a screenshot of the current page and embeds it into a log file.</doc>
<msg timestamp="20230516 20:53:56.484" level="INFO" html="true">&lt;/td&gt;&lt;/tr&gt;&lt;tr&gt;&lt;td colspan="3"&gt;&lt;a href="selenium-screenshot-95.png"&gt;&lt;img src="selenium-screenshot-95.png" width="800px"&gt;&lt;/a&gt;</msg>
<status status="PASS" starttime="20230516 20:53:56.091" endtime="20230516 20:53:56.484"/>
</kw>
<status status="PASS" starttime="20230516 20:53:53.222" endtime="20230516 20:53:56.484"/>
</kw>
<kw name="Verificar se aparece a frase &quot;Eletrônicos e Tecnologia&quot;" library="amazon_resources" sourcename="Verificar se aparece a frase &quot;${FRASE}&quot;">
<kw name="Wait Until Page Contains" library="SeleniumLibrary">
<arg>text=${FRASE}</arg>
<doc>Waits until ``text`` appears on the current page.</doc>
<status status="PASS" starttime="20230516 20:53:56.485" endtime="20230516 20:53:56.603"/>
</kw>
<kw name="Wait Until Element Is Visible" library="SeleniumLibrary">
<arg>${HEADER_DEPARTAMENTOS}</arg>
<doc>Waits until the element ``locator`` is visible.</doc>
<status status="PASS" starttime="20230516 20:53:56.603" endtime="20230516 20:53:56.769"/>
</kw>
<kw name="Capture Page Screenshot" library="SeleniumLibrary">
<doc>Takes a screenshot of the current page and embeds it into a log file.</doc>
<msg timestamp="20230516 20:53:57.126" level="INFO" html="true">&lt;/td&gt;&lt;/tr&gt;&lt;tr&gt;&lt;td colspan="3"&gt;&lt;a href="selenium-screenshot-96.png"&gt;&lt;img src="selenium-screenshot-96.png" width="800px"&gt;&lt;/a&gt;</msg>
<status status="PASS" starttime="20230516 20:53:56.769" endtime="20230516 20:53:57.127"/>
</kw>
<status status="PASS" starttime="20230516 20:53:56.485" endtime="20230516 20:53:57.127"/>
</kw>
<kw name="Verificar se o título da página fica &quot;Eletrônicos e Tecnologia | Amazon.com.br&quot;" library="amazon_resources" sourcename="Verificar se o título da página fica &quot;${TITULO}&quot;">
<kw name="Title Should Be" library="SeleniumLibrary">
<arg>${TITULO}</arg>
<doc>Verifies that the current page title equals ``title``.</doc>
<msg timestamp="20230516 20:53:57.168" level="INFO">Page title is 'Eletrônicos e Tecnologia | Amazon.com.br'.</msg>
<status status="PASS" starttime="20230516 20:53:57.129" endtime="20230516 20:53:57.168"/>
</kw>
<kw name="Capture Page Screenshot" library="SeleniumLibrary">
<doc>Takes a screenshot of the current page and embeds it into a log file.</doc>
<msg timestamp="20230516 20:53:57.490" level="INFO" html="true">&lt;/td&gt;&lt;/tr&gt;&lt;tr&gt;&lt;td colspan="3"&gt;&lt;a href="selenium-screenshot-97.png"&gt;&lt;img src="selenium-screenshot-97.png" width="800px"&gt;&lt;/a&gt;</msg>
<status status="PASS" starttime="20230516 20:53:57.169" endtime="20230516 20:53:57.490"/>
</kw>
<status status="PASS" starttime="20230516 20:53:57.128" endtime="20230516 20:53:57.490"/>
</kw>
<kw name="Verificar se aparece a categoria &quot;e-Readers e Acessórios&quot;" library="amazon_resources" sourcename="Verificar se aparece a categoria &quot;${NOME_CATEGORIA}&quot;">
<kw name="Element Should Be Visible" library="SeleniumLibrary">
<arg>//span[@dir='auto'][contains(.,'${NOME_CATEGORIA}')]</arg>
<doc>Verifies that the element identified by ``locator`` is visible.</doc>
<msg timestamp="20230516 20:53:57.688" level="INFO">Element '//span[@dir='auto'][contains(.,'e-Readers e Acessórios')]' is displayed.</msg>
<status status="PASS" starttime="20230516 20:53:57.491" endtime="20230516 20:53:57.689"/>
</kw>
<kw name="Capture Page Screenshot" library="SeleniumLibrary">
<doc>Takes a screenshot of the current page and embeds it into a log file.</doc>
<msg timestamp="20230516 20:53:58.016" level="INFO" html="true">&lt;/td&gt;&lt;/tr&gt;&lt;tr&gt;&lt;td colspan="3"&gt;&lt;a href="selenium-screenshot-98.png"&gt;&lt;img src="selenium-screenshot-98.png" width="800px"&gt;&lt;/a&gt;</msg>
<status status="PASS" starttime="20230516 20:53:57.689" endtime="20230516 20:53:58.016"/>
</kw>
<status status="PASS" starttime="20230516 20:53:57.491" endtime="20230516 20:53:58.016"/>
</kw>
<kw name="Fechar o navegador" library="amazon_resources" type="TEARDOWN">
<kw name="Capture Page Screenshot" library="SeleniumLibrary">
<doc>Takes a screenshot of the current page and embeds it into a log file.</doc>
<msg timestamp="20230516 20:53:58.382" level="INFO" html="true">&lt;/td&gt;&lt;/tr&gt;&lt;tr&gt;&lt;td colspan="3"&gt;&lt;a href="selenium-screenshot-99.png"&gt;&lt;img src="selenium-screenshot-99.png" width="800px"&gt;&lt;/a&gt;</msg>
<status status="PASS" starttime="20230516 20:53:58.018" endtime="20230516 20:53:58.382"/>
</kw>
<kw name="Close Browser" library="SeleniumLibrary">
<doc>Closes the current browser.</doc>
<status status="PASS" starttime="20230516 20:53:58.382" endtime="20230516 20:54:00.595"/>
</kw>
<status status="PASS" starttime="20230516 20:53:58.017" endtime="20230516 20:54:00.595"/>
</kw>
<doc>esse teste acessa o menu Eletrônicos do site amazon.com.br
e verifica a categoria e-Readers e Acessórios</doc>
<tag>categorias</tag>
<tag>Menus</tag>
<status status="PASS" starttime="20230516 20:53:49.133" endtime="20230516 20:54:00.596"/>
</test>
<doc>Essa suíte testa o site da amazon.com.br</doc>
<status status="PASS" starttime="20230516 20:51:31.182" endtime="20230516 20:54:00.598"/>
</suite>
<statistics>
<total>
<stat pass="13" fail="0" skip="0">All Tests</stat>
</total>
<tag>
<stat pass="13" fail="0" skip="0">categorias</stat>
<stat pass="13" fail="0" skip="0">Menus</stat>
</tag>
<suite>
<stat pass="13" fail="0" skip="0" id="s1" name="Amazon Testes">Amazon Testes</stat>
</suite>
</statistics>
<errors>
</errors>
</robot>
